20-Aug-2022 23:26:49.643 信息 [main] org.apache.catalina.startup.VersionLoggerListener.log Server.服务器版本: Apache Tomcat/9.0.45
20-Aug-2022 23:26:49.657 信息 [main] org.apache.catalina.startup.VersionLoggerListener.log 服务器构建:        Mar 30 2021 10:29:04 UTC
20-Aug-2022 23:26:49.657 信息 [main] org.apache.catalina.startup.VersionLoggerListener.log 服务器版本号:      9.0.45.0
20-Aug-2022 23:26:49.669 信息 [main] org.apache.catalina.startup.VersionLoggerListener.log 操作系统名称:      Windows 10
20-Aug-2022 23:26:49.669 信息 [main] org.apache.catalina.startup.VersionLoggerListener.log OS.版本:           10.0
20-Aug-2022 23:26:49.669 信息 [main] org.apache.catalina.startup.VersionLoggerListener.log 架构:              amd64
20-Aug-2022 23:26:49.669 信息 [main] org.apache.catalina.startup.VersionLoggerListener.log Java 环境变量:     C:\Program Files\Java\jdk1.8.0_144\jre
20-Aug-2022 23:26:49.670 信息 [main] org.apache.catalina.startup.VersionLoggerListener.log Java虚拟机版本:    1.8.0_144-b01
20-Aug-2022 23:26:49.670 信息 [main] org.apache.catalina.startup.VersionLoggerListener.log JVM.供应商:        Oracle Corporation
20-Aug-2022 23:26:49.670 信息 [main] org.apache.catalina.startup.VersionLoggerListener.log CATALINA_BASE:     D:\apache-tomcat-9.0.45
20-Aug-2022 23:26:49.670 信息 [main] org.apache.catalina.startup.VersionLoggerListener.log CATALINA_HOME:     D:\apache-tomcat-9.0.45
20-Aug-2022 23:26:49.672 信息 [main] org.apache.catalina.startup.VersionLoggerListener.log 命令行参数：       -Djava.util.logging.config.file=D:\apache-tomcat-9.0.45\conf\logging.properties
20-Aug-2022 23:26:49.673 信息 [main] org.apache.catalina.startup.VersionLoggerListener.log 命令行参数：       -Djava.util.logging.manager=org.apache.juli.ClassLoaderLogManager
20-Aug-2022 23:26:49.673 信息 [main] org.apache.catalina.startup.VersionLoggerListener.log 命令行参数：       -Djdk.tls.ephemeralDHKeySize=2048
20-Aug-2022 23:26:49.675 信息 [main] org.apache.catalina.startup.VersionLoggerListener.log 命令行参数：       -Djava.protocol.handler.pkgs=org.apache.catalina.webresources
20-Aug-2022 23:26:49.675 信息 [main] org.apache.catalina.startup.VersionLoggerListener.log 命令行参数：       -Dignore.endorsed.dirs=
20-Aug-2022 23:26:49.676 信息 [main] org.apache.catalina.startup.VersionLoggerListener.log 命令行参数：       -Dcatalina.base=D:\apache-tomcat-9.0.45
20-Aug-2022 23:26:49.676 信息 [main] org.apache.catalina.startup.VersionLoggerListener.log 命令行参数：       -Dcatalina.home=D:\apache-tomcat-9.0.45
20-Aug-2022 23:26:49.698 信息 [main] org.apache.catalina.startup.VersionLoggerListener.log 命令行参数：       -Djava.io.tmpdir=D:\apache-tomcat-9.0.45\temp
20-Aug-2022 23:26:49.708 信息 [main] org.apache.catalina.core.AprLifecycleListener.lifecycleEvent 使用APR版本[1.7.0]加载了基于APR的Apache Tomcat本机库[1.2.27]。
20-Aug-2022 23:26:49.721 信息 [main] org.apache.catalina.core.AprLifecycleListener.lifecycleEvent APR功能：IPv6[true]、sendfile[true]、accept filters[false]、random[true]。
20-Aug-2022 23:26:49.722 信息 [main] org.apache.catalina.core.AprLifecycleListener.lifecycleEvent APR/OpenSSL配置：useAprConnector[false]，useOpenSSL[true]
20-Aug-2022 23:26:49.753 信息 [main] org.apache.catalina.core.AprLifecycleListener.initializeSSL OpenSSL成功初始化 [OpenSSL 1.1.1k  25 Mar 2021]
20-Aug-2022 23:26:50.360 信息 [main] org.apache.coyote.AbstractProtocol.init 初始化协议处理器 ["http-nio-8080"]
20-Aug-2022 23:26:50.816 严重 [main] org.apache.catalina.util.LifecycleBase.handleSubClassException 初始化组件[Connector[HTTP/1.1-8080]]失败。
	org.apache.catalina.LifecycleException: 协议处理程序初始化失败
		at org.apache.catalina.connector.Connector.initInternal(Connector.java:1048)
		at org.apache.catalina.util.LifecycleBase.init(LifecycleBase.java:136)
		at org.apache.catalina.core.StandardService.initInternal(StandardService.java:556)
		at org.apache.catalina.util.LifecycleBase.init(LifecycleBase.java:136)
		at org.apache.catalina.core.StandardServer.initInternal(StandardServer.java:1045)
		at org.apache.catalina.util.LifecycleBase.init(LifecycleBase.java:136)
		at org.apache.catalina.startup.Catalina.load(Catalina.java:724)
		at org.apache.catalina.startup.Catalina.load(Catalina.java:746)
		at sun.reflect.NativeMethodAccessorImpl.invoke0(Native Method)
		at sun.reflect.NativeMethodAccessorImpl.invoke(NativeMethodAccessorImpl.java:62)
		at sun.reflect.DelegatingMethodAccessorImpl.invoke(DelegatingMethodAccessorImpl.java:43)
		at java.lang.reflect.Method.invoke(Method.java:498)
		at org.apache.catalina.startup.Bootstrap.load(Bootstrap.java:302)
		at org.apache.catalina.startup.Bootstrap.main(Bootstrap.java:472)
	Caused by: java.net.BindException: Address already in use: bind
		at sun.nio.ch.Net.bind0(Native Method)
		at sun.nio.ch.Net.bind(Net.java:433)
		at sun.nio.ch.Net.bind(Net.java:425)
		at sun.nio.ch.ServerSocketChannelImpl.bind(ServerSocketChannelImpl.java:223)
		at org.apache.tomcat.util.net.NioEndpoint.initServerSocket(NioEndpoint.java:300)
		at org.apache.tomcat.util.net.NioEndpoint.bind(NioEndpoint.java:253)
		at org.apache.tomcat.util.net.AbstractEndpoint.bindWithCleanup(AbstractEndpoint.java:1204)
		at org.apache.tomcat.util.net.AbstractEndpoint.init(AbstractEndpoint.java:1217)
		at org.apache.coyote.AbstractProtocol.init(AbstractProtocol.java:603)
		at org.apache.coyote.http11.AbstractHttp11Protocol.init(AbstractHttp11Protocol.java:80)
		at org.apache.catalina.connector.Connector.initInternal(Connector.java:1045)
		... 13 more
20-Aug-2022 23:26:50.823 信息 [main] org.apache.catalina.startup.Catalina.load 服务器在[1522]毫秒内初始化
20-Aug-2022 23:26:50.876 信息 [main] org.apache.catalina.core.StandardService.startInternal 正在启动服务[Catalina]
20-Aug-2022 23:26:50.876 信息 [main] org.apache.catalina.core.StandardEngine.startInternal 正在启动 Servlet 引擎：[Apache Tomcat/9.0.45]
20-Aug-2022 23:26:50.911 信息 [main] org.apache.catalina.startup.HostConfig.deployWAR 正在部署web应用程序存档文件[D:\apache-tomcat-9.0.45\webapps\cdn.war]
20-Aug-2022 23:26:54.482 信息 [main] org.apache.jasper.servlet.TldScanner.scanJars 至少有一个JAR被扫描用于TLD但尚未包含TLD。 为此记录器启用调试日志记录，以获取已扫描但未在其中找到TLD的完整JAR列表。 在扫描期间跳过不需要的JAR可以缩短启动时间和JSP编译时间。
20-Aug-2022 23:26:57.979 信息 [main] org.apache.catalina.startup.HostConfig.deployWAR web应用程序存档文件[D:\apache-tomcat-9.0.45\webapps\cdn.war]的部署已在[7,068]ms内完成
20-Aug-2022 23:26:57.984 信息 [main] org.apache.catalina.startup.HostConfig.deployDirectory 把web 应用程序部署到目录 [D:\apache-tomcat-9.0.45\webapps\cdn_war]
20-Aug-2022 23:27:00.719 信息 [main] org.apache.jasper.servlet.TldScanner.scanJars 至少有一个JAR被扫描用于TLD但尚未包含TLD。 为此记录器启用调试日志记录，以获取已扫描但未在其中找到TLD的完整JAR列表。 在扫描期间跳过不需要的JAR可以缩短启动时间和JSP编译时间。
20-Aug-2022 23:27:03.908 信息 [main] org.apache.catalina.startup.HostConfig.deployDirectory Web应用程序目录[D:\apache-tomcat-9.0.45\webapps\cdn_war]的部署已在[5,924]毫秒内完成
20-Aug-2022 23:27:03.917 信息 [main] org.apache.catalina.startup.HostConfig.deployDirectory 把web 应用程序部署到目录 [D:\apache-tomcat-9.0.45\webapps\docs]
20-Aug-2022 23:27:03.948 信息 [main] org.apache.catalina.startup.HostConfig.deployDirectory Web应用程序目录[D:\apache-tomcat-9.0.45\webapps\docs]的部署已在[30]毫秒内完成
20-Aug-2022 23:27:03.960 信息 [main] org.apache.catalina.startup.HostConfig.deployDirectory 把web 应用程序部署到目录 [D:\apache-tomcat-9.0.45\webapps\examples]
20-Aug-2022 23:27:04.336 信息 [main] org.apache.catalina.startup.HostConfig.deployDirectory Web应用程序目录[D:\apache-tomcat-9.0.45\webapps\examples]的部署已在[376]毫秒内完成
20-Aug-2022 23:27:04.349 信息 [main] org.apache.catalina.startup.HostConfig.deployDirectory 把web 应用程序部署到目录 [D:\apache-tomcat-9.0.45\webapps\host-manager]
20-Aug-2022 23:27:04.389 信息 [main] org.apache.catalina.startup.HostConfig.deployDirectory Web应用程序目录[D:\apache-tomcat-9.0.45\webapps\host-manager]的部署已在[40]毫秒内完成
20-Aug-2022 23:27:04.400 信息 [main] org.apache.catalina.startup.HostConfig.deployDirectory 把web 应用程序部署到目录 [D:\apache-tomcat-9.0.45\webapps\manager]
20-Aug-2022 23:27:04.437 信息 [main] org.apache.catalina.startup.HostConfig.deployDirectory Web应用程序目录[D:\apache-tomcat-9.0.45\webapps\manager]的部署已在[37]毫秒内完成
20-Aug-2022 23:27:04.448 信息 [main] org.apache.catalina.startup.HostConfig.deployDirectory 把web 应用程序部署到目录 [D:\apache-tomcat-9.0.45\webapps\myprjtest_war]
20-Aug-2022 23:27:05.145 信息 [main] org.apache.jasper.servlet.TldScanner.scanJars 至少有一个JAR被扫描用于TLD但尚未包含TLD。 为此记录器启用调试日志记录，以获取已扫描但未在其中找到TLD的完整JAR列表。 在扫描期间跳过不需要的JAR可以缩短启动时间和JSP编译时间。
20-Aug-2022 23:27:05.162 信息 [main] org.apache.catalina.startup.HostConfig.deployDirectory Web应用程序目录[D:\apache-tomcat-9.0.45\webapps\myprjtest_war]的部署已在[713]毫秒内完成
20-Aug-2022 23:27:05.164 信息 [main] org.apache.catalina.startup.HostConfig.deployDirectory 把web 应用程序部署到目录 [D:\apache-tomcat-9.0.45\webapps\ROOT]
20-Aug-2022 23:27:05.191 信息 [main] org.apache.catalina.startup.HostConfig.deployDirectory Web应用程序目录[D:\apache-tomcat-9.0.45\webapps\ROOT]的部署已在[27]毫秒内完成
20-Aug-2022 23:27:05.194 信息 [main] org.apache.catalina.startup.HostConfig.deployDirectory 把web 应用程序部署到目录 [D:\apache-tomcat-9.0.45\webapps\spingtest1_war]
20-Aug-2022 23:27:07.212 信息 [main] org.apache.jasper.servlet.TldScanner.scanJars 至少有一个JAR被扫描用于TLD但尚未包含TLD。 为此记录器启用调试日志记录，以获取已扫描但未在其中找到TLD的完整JAR列表。 在扫描期间跳过不需要的JAR可以缩短启动时间和JSP编译时间。
20-Aug-2022 23:27:07.277 信息 [main] org.springframework.web.context.ContextLoader.initWebApplicationContext Root WebApplicationContext: initialization started
20-Aug-2022 23:27:09.583 信息 [main] org.springframework.web.context.ContextLoader.initWebApplicationContext Root WebApplicationContext initialized in 2306 ms
20-Aug-2022 23:27:09.589 信息 [main] org.apache.catalina.startup.HostConfig.deployDirectory Web应用程序目录[D:\apache-tomcat-9.0.45\webapps\spingtest1_war]的部署已在[4,395]毫秒内完成
20-Aug-2022 23:27:09.591 信息 [main] org.apache.catalina.startup.HostConfig.deployDirectory 把web 应用程序部署到目录 [D:\apache-tomcat-9.0.45\webapps\springtest_war]
20-Aug-2022 23:27:11.743 信息 [main] org.apache.jasper.servlet.TldScanner.scanJars 至少有一个JAR被扫描用于TLD但尚未包含TLD。 为此记录器启用调试日志记录，以获取已扫描但未在其中找到TLD的完整JAR列表。 在扫描期间跳过不需要的JAR可以缩短启动时间和JSP编译时间。
20-Aug-2022 23:27:50.189 信息 [main] org.apache.catalina.startup.HostConfig.deployDirectory Web应用程序目录[D:\apache-tomcat-9.0.45\webapps\springtest_war]的部署已在[40,599]毫秒内完成
20-Aug-2022 23:27:50.194 信息 [main] org.apache.catalina.startup.Catalina.start [59368]毫秒后服务器启动
20-Aug-2022 23:28:09.526 信息 [main] org.apache.catalina.startup.VersionLoggerListener.log Server.服务器版本: Apache Tomcat/9.0.45
20-Aug-2022 23:28:09.532 信息 [main] org.apache.catalina.startup.VersionLoggerListener.log 服务器构建:        Mar 30 2021 10:29:04 UTC
20-Aug-2022 23:28:09.535 信息 [main] org.apache.catalina.startup.VersionLoggerListener.log 服务器版本号:      9.0.45.0
20-Aug-2022 23:28:09.536 信息 [main] org.apache.catalina.startup.VersionLoggerListener.log 操作系统名称:      Windows 10
20-Aug-2022 23:28:09.536 信息 [main] org.apache.catalina.startup.VersionLoggerListener.log OS.版本:           10.0
20-Aug-2022 23:28:09.537 信息 [main] org.apache.catalina.startup.VersionLoggerListener.log 架构:              amd64
20-Aug-2022 23:28:09.537 信息 [main] org.apache.catalina.startup.VersionLoggerListener.log Java 环境变量:     C:\Program Files\Java\jdk1.8.0_144\jre
20-Aug-2022 23:28:09.538 信息 [main] org.apache.catalina.startup.VersionLoggerListener.log Java虚拟机版本:    1.8.0_144-b01
20-Aug-2022 23:28:09.540 信息 [main] org.apache.catalina.startup.VersionLoggerListener.log JVM.供应商:        Oracle Corporation
20-Aug-2022 23:28:09.541 信息 [main] org.apache.catalina.startup.VersionLoggerListener.log CATALINA_BASE:     D:\apache-tomcat-9.0.45
20-Aug-2022 23:28:09.541 信息 [main] org.apache.catalina.startup.VersionLoggerListener.log CATALINA_HOME:     D:\apache-tomcat-9.0.45
20-Aug-2022 23:28:09.542 信息 [main] org.apache.catalina.startup.VersionLoggerListener.log 命令行参数：       -Djava.util.logging.config.file=D:\apache-tomcat-9.0.45\conf\logging.properties
20-Aug-2022 23:28:09.543 信息 [main] org.apache.catalina.startup.VersionLoggerListener.log 命令行参数：       -Djava.util.logging.manager=org.apache.juli.ClassLoaderLogManager
20-Aug-2022 23:28:09.544 信息 [main] org.apache.catalina.startup.VersionLoggerListener.log 命令行参数：       -Djdk.tls.ephemeralDHKeySize=2048
20-Aug-2022 23:28:09.544 信息 [main] org.apache.catalina.startup.VersionLoggerListener.log 命令行参数：       -Djava.protocol.handler.pkgs=org.apache.catalina.webresources
20-Aug-2022 23:28:09.547 信息 [main] org.apache.catalina.startup.VersionLoggerListener.log 命令行参数：       -Dignore.endorsed.dirs=
20-Aug-2022 23:28:09.547 信息 [main] org.apache.catalina.startup.VersionLoggerListener.log 命令行参数：       -Dcatalina.base=D:\apache-tomcat-9.0.45
20-Aug-2022 23:28:09.548 信息 [main] org.apache.catalina.startup.VersionLoggerListener.log 命令行参数：       -Dcatalina.home=D:\apache-tomcat-9.0.45
20-Aug-2022 23:28:09.549 信息 [main] org.apache.catalina.startup.VersionLoggerListener.log 命令行参数：       -Djava.io.tmpdir=D:\apache-tomcat-9.0.45\temp
20-Aug-2022 23:28:09.554 信息 [main] org.apache.catalina.core.AprLifecycleListener.lifecycleEvent 使用APR版本[1.7.0]加载了基于APR的Apache Tomcat本机库[1.2.27]。
20-Aug-2022 23:28:09.557 信息 [main] org.apache.catalina.core.AprLifecycleListener.lifecycleEvent APR功能：IPv6[true]、sendfile[true]、accept filters[false]、random[true]。
20-Aug-2022 23:28:09.559 信息 [main] org.apache.catalina.core.AprLifecycleListener.lifecycleEvent APR/OpenSSL配置：useAprConnector[false]，useOpenSSL[true]
20-Aug-2022 23:28:09.569 信息 [main] org.apache.catalina.core.AprLifecycleListener.initializeSSL OpenSSL成功初始化 [OpenSSL 1.1.1k  25 Mar 2021]
20-Aug-2022 23:28:09.946 信息 [main] org.apache.coyote.AbstractProtocol.init 初始化协议处理器 ["http-nio-8080"]
20-Aug-2022 23:28:10.411 信息 [main] org.apache.catalina.startup.Catalina.load 服务器在[1103]毫秒内初始化
20-Aug-2022 23:28:10.453 信息 [main] org.apache.catalina.core.StandardService.startInternal 正在启动服务[Catalina]
20-Aug-2022 23:28:10.454 信息 [main] org.apache.catalina.core.StandardEngine.startInternal 正在启动 Servlet 引擎：[Apache Tomcat/9.0.45]
20-Aug-2022 23:28:10.483 信息 [main] org.apache.catalina.startup.HostConfig.deployWAR 正在部署web应用程序存档文件[D:\apache-tomcat-9.0.45\webapps\cdn.war]
20-Aug-2022 23:28:13.356 信息 [main] org.apache.jasper.servlet.TldScanner.scanJars 至少有一个JAR被扫描用于TLD但尚未包含TLD。 为此记录器启用调试日志记录，以获取已扫描但未在其中找到TLD的完整JAR列表。 在扫描期间跳过不需要的JAR可以缩短启动时间和JSP编译时间。
20-Aug-2022 23:28:16.699 信息 [main] org.apache.catalina.startup.HostConfig.deployWAR web应用程序存档文件[D:\apache-tomcat-9.0.45\webapps\cdn.war]的部署已在[6,215]ms内完成
20-Aug-2022 23:28:16.703 信息 [main] org.apache.catalina.startup.HostConfig.deployDirectory 把web 应用程序部署到目录 [D:\apache-tomcat-9.0.45\webapps\cdn_war]
20-Aug-2022 23:28:18.729 信息 [main] org.apache.jasper.servlet.TldScanner.scanJars 至少有一个JAR被扫描用于TLD但尚未包含TLD。 为此记录器启用调试日志记录，以获取已扫描但未在其中找到TLD的完整JAR列表。 在扫描期间跳过不需要的JAR可以缩短启动时间和JSP编译时间。
20-Aug-2022 23:28:21.751 信息 [main] org.apache.catalina.startup.HostConfig.deployDirectory Web应用程序目录[D:\apache-tomcat-9.0.45\webapps\cdn_war]的部署已在[5,047]毫秒内完成
20-Aug-2022 23:28:21.758 信息 [main] org.apache.catalina.startup.HostConfig.deployDirectory 把web 应用程序部署到目录 [D:\apache-tomcat-9.0.45\webapps\docs]
20-Aug-2022 23:28:21.779 信息 [main] org.apache.catalina.startup.HostConfig.deployDirectory Web应用程序目录[D:\apache-tomcat-9.0.45\webapps\docs]的部署已在[21]毫秒内完成
20-Aug-2022 23:28:21.780 信息 [main] org.apache.catalina.startup.HostConfig.deployDirectory 把web 应用程序部署到目录 [D:\apache-tomcat-9.0.45\webapps\examples]
20-Aug-2022 23:28:22.022 信息 [main] org.apache.catalina.startup.HostConfig.deployDirectory Web应用程序目录[D:\apache-tomcat-9.0.45\webapps\examples]的部署已在[242]毫秒内完成
20-Aug-2022 23:28:22.034 信息 [main] org.apache.catalina.startup.HostConfig.deployDirectory 把web 应用程序部署到目录 [D:\apache-tomcat-9.0.45\webapps\host-manager]
20-Aug-2022 23:28:22.069 信息 [main] org.apache.catalina.startup.HostConfig.deployDirectory Web应用程序目录[D:\apache-tomcat-9.0.45\webapps\host-manager]的部署已在[35]毫秒内完成
20-Aug-2022 23:28:22.079 信息 [main] org.apache.catalina.startup.HostConfig.deployDirectory 把web 应用程序部署到目录 [D:\apache-tomcat-9.0.45\webapps\manager]
20-Aug-2022 23:28:22.106 信息 [main] org.apache.catalina.startup.HostConfig.deployDirectory Web应用程序目录[D:\apache-tomcat-9.0.45\webapps\manager]的部署已在[27]毫秒内完成
20-Aug-2022 23:28:22.107 信息 [main] org.apache.catalina.startup.HostConfig.deployDirectory 把web 应用程序部署到目录 [D:\apache-tomcat-9.0.45\webapps\myprjtest_war]
20-Aug-2022 23:28:22.703 信息 [main] org.apache.jasper.servlet.TldScanner.scanJars 至少有一个JAR被扫描用于TLD但尚未包含TLD。 为此记录器启用调试日志记录，以获取已扫描但未在其中找到TLD的完整JAR列表。 在扫描期间跳过不需要的JAR可以缩短启动时间和JSP编译时间。
20-Aug-2022 23:28:22.721 信息 [main] org.apache.catalina.startup.HostConfig.deployDirectory Web应用程序目录[D:\apache-tomcat-9.0.45\webapps\myprjtest_war]的部署已在[614]毫秒内完成
20-Aug-2022 23:28:22.723 信息 [main] org.apache.catalina.startup.HostConfig.deployDirectory 把web 应用程序部署到目录 [D:\apache-tomcat-9.0.45\webapps\ROOT]
20-Aug-2022 23:28:22.751 信息 [main] org.apache.catalina.startup.HostConfig.deployDirectory Web应用程序目录[D:\apache-tomcat-9.0.45\webapps\ROOT]的部署已在[28]毫秒内完成
20-Aug-2022 23:28:22.761 信息 [main] org.apache.catalina.startup.HostConfig.deployDirectory 把web 应用程序部署到目录 [D:\apache-tomcat-9.0.45\webapps\spingtest1_war]
20-Aug-2022 23:28:24.436 信息 [main] org.apache.jasper.servlet.TldScanner.scanJars 至少有一个JAR被扫描用于TLD但尚未包含TLD。 为此记录器启用调试日志记录，以获取已扫描但未在其中找到TLD的完整JAR列表。 在扫描期间跳过不需要的JAR可以缩短启动时间和JSP编译时间。
20-Aug-2022 23:28:24.486 信息 [main] org.springframework.web.context.ContextLoader.initWebApplicationContext Root WebApplicationContext: initialization started
20-Aug-2022 23:28:26.761 信息 [main] org.springframework.web.context.ContextLoader.initWebApplicationContext Root WebApplicationContext initialized in 2274 ms
20-Aug-2022 23:28:26.765 信息 [main] org.apache.catalina.startup.HostConfig.deployDirectory Web应用程序目录[D:\apache-tomcat-9.0.45\webapps\spingtest1_war]的部署已在[4,003]毫秒内完成
20-Aug-2022 23:28:26.766 信息 [main] org.apache.catalina.startup.HostConfig.deployDirectory 把web 应用程序部署到目录 [D:\apache-tomcat-9.0.45\webapps\springtest_war]
20-Aug-2022 23:28:28.157 信息 [main] org.apache.jasper.servlet.TldScanner.scanJars 至少有一个JAR被扫描用于TLD但尚未包含TLD。 为此记录器启用调试日志记录，以获取已扫描但未在其中找到TLD的完整JAR列表。 在扫描期间跳过不需要的JAR可以缩短启动时间和JSP编译时间。
20-Aug-2022 23:28:28.182 信息 [main] org.apache.catalina.startup.HostConfig.deployDirectory Web应用程序目录[D:\apache-tomcat-9.0.45\webapps\springtest_war]的部署已在[1,416]毫秒内完成
20-Aug-2022 23:28:28.188 信息 [main] org.apache.coyote.AbstractProtocol.start 开始协议处理句柄["http-nio-8080"]
20-Aug-2022 23:28:28.200 信息 [main] org.apache.catalina.startup.Catalina.start [17787]毫秒后服务器启动
20-Aug-2022 23:28:28.207 严重 [main] org.apache.catalina.core.StandardServer.await 无法在地址[localhost]和端口[8005]上创建服务器关闭套接字（基本端口[8005]和偏移量[0]）
	java.net.BindException: Address already in use: JVM_Bind
		at java.net.DualStackPlainSocketImpl.bind0(Native Method)
		at java.net.DualStackPlainSocketImpl.socketBind(DualStackPlainSocketImpl.java:106)
		at java.net.AbstractPlainSocketImpl.bind(AbstractPlainSocketImpl.java:387)
		at java.net.PlainSocketImpl.bind(PlainSocketImpl.java:190)
		at java.net.ServerSocket.bind(ServerSocket.java:375)
		at java.net.ServerSocket.<init>(ServerSocket.java:237)
		at org.apache.catalina.core.StandardServer.await(StandardServer.java:584)
		at org.apache.catalina.startup.Catalina.await(Catalina.java:864)
		at org.apache.catalina.startup.Catalina.start(Catalina.java:810)
		at sun.reflect.NativeMethodAccessorImpl.invoke0(Native Method)
		at sun.reflect.NativeMethodAccessorImpl.invoke(NativeMethodAccessorImpl.java:62)
		at sun.reflect.DelegatingMethodAccessorImpl.invoke(DelegatingMethodAccessorImpl.java:43)
		at java.lang.reflect.Method.invoke(Method.java:498)
		at org.apache.catalina.startup.Bootstrap.start(Bootstrap.java:342)
		at org.apache.catalina.startup.Bootstrap.main(Bootstrap.java:473)
20-Aug-2022 23:28:28.211 信息 [main] org.apache.coyote.AbstractProtocol.pause 暂停ProtocolHandler["http-nio-8080"]
20-Aug-2022 23:28:28.551 信息 [main] org.apache.catalina.core.StandardService.stopInternal 正在停止服务[Catalina]
20-Aug-2022 23:28:28.604 警告 [main] org.apache.catalina.loader.WebappClassLoaderBase.clearReferencesThreads Web应用程序[cdn]似乎启动了一个名为[commons-pool-evictor]的线程，但未能停止它。这很可能会造成内存泄漏。线程的堆栈跟踪：[
 sun.misc.Unsafe.park(Native Method)
 java.util.concurrent.locks.LockSupport.parkNanos(LockSupport.java:215)
 java.util.concurrent.locks.AbstractQueuedSynchronizer$ConditionObject.awaitNanos(AbstractQueuedSynchronizer.java:2078)
 java.util.concurrent.ScheduledThreadPoolExecutor$DelayedWorkQueue.take(ScheduledThreadPoolExecutor.java:1093)
 java.util.concurrent.ScheduledThreadPoolExecutor$DelayedWorkQueue.take(ScheduledThreadPoolExecutor.java:809)
 java.util.concurrent.ThreadPoolExecutor.getTask(ThreadPoolExecutor.java:1074)
 java.util.concurrent.ThreadPoolExecutor.runWorker(ThreadPoolExecutor.java:1134)
 java.util.concurrent.ThreadPoolExecutor$Worker.run(ThreadPoolExecutor.java:624)
 java.lang.Thread.run(Thread.java:748)]
20-Aug-2022 23:28:28.621 警告 [main] org.apache.catalina.loader.WebappClassLoaderBase.clearReferencesThreads Web应用程序[cdn_war]似乎启动了一个名为[commons-pool-evictor]的线程，但未能停止它。这很可能会造成内存泄漏。线程的堆栈跟踪：[
 sun.misc.Unsafe.park(Native Method)
 java.util.concurrent.locks.LockSupport.parkNanos(LockSupport.java:215)
 java.util.concurrent.locks.AbstractQueuedSynchronizer$ConditionObject.awaitNanos(AbstractQueuedSynchronizer.java:2078)
 java.util.concurrent.ScheduledThreadPoolExecutor$DelayedWorkQueue.take(ScheduledThreadPoolExecutor.java:1093)
 java.util.concurrent.ScheduledThreadPoolExecutor$DelayedWorkQueue.take(ScheduledThreadPoolExecutor.java:809)
 java.util.concurrent.ThreadPoolExecutor.getTask(ThreadPoolExecutor.java:1074)
 java.util.concurrent.ThreadPoolExecutor.runWorker(ThreadPoolExecutor.java:1134)
 java.util.concurrent.ThreadPoolExecutor$Worker.run(ThreadPoolExecutor.java:624)
 java.lang.Thread.run(Thread.java:748)]
20-Aug-2022 23:28:28.629 信息 [main] org.apache.coyote.AbstractProtocol.stop 正在停止ProtocolHandler ["http-nio-8080"]
20-Aug-2022 23:28:28.668 信息 [main] org.apache.coyote.AbstractProtocol.destroy 正在摧毁协议处理器 ["http-nio-8080"]
20-Aug-2022 23:28:54.218 信息 [main] org.apache.catalina.startup.VersionLoggerListener.log Server.服务器版本: Apache Tomcat/9.0.45
20-Aug-2022 23:28:54.225 信息 [main] org.apache.catalina.startup.VersionLoggerListener.log 服务器构建:        Mar 30 2021 10:29:04 UTC
20-Aug-2022 23:28:54.227 信息 [main] org.apache.catalina.startup.VersionLoggerListener.log 服务器版本号:      9.0.45.0
20-Aug-2022 23:28:54.228 信息 [main] org.apache.catalina.startup.VersionLoggerListener.log 操作系统名称:      Windows 10
20-Aug-2022 23:28:54.230 信息 [main] org.apache.catalina.startup.VersionLoggerListener.log OS.版本:           10.0
20-Aug-2022 23:28:54.230 信息 [main] org.apache.catalina.startup.VersionLoggerListener.log 架构:              amd64
20-Aug-2022 23:28:54.231 信息 [main] org.apache.catalina.startup.VersionLoggerListener.log Java 环境变量:     C:\Program Files\Java\jdk1.8.0_144\jre
20-Aug-2022 23:28:54.232 信息 [main] org.apache.catalina.startup.VersionLoggerListener.log Java虚拟机版本:    1.8.0_144-b01
20-Aug-2022 23:28:54.232 信息 [main] org.apache.catalina.startup.VersionLoggerListener.log JVM.供应商:        Oracle Corporation
20-Aug-2022 23:28:54.233 信息 [main] org.apache.catalina.startup.VersionLoggerListener.log CATALINA_BASE:     D:\apache-tomcat-9.0.45
20-Aug-2022 23:28:54.234 信息 [main] org.apache.catalina.startup.VersionLoggerListener.log CATALINA_HOME:     D:\apache-tomcat-9.0.45
20-Aug-2022 23:28:54.235 信息 [main] org.apache.catalina.startup.VersionLoggerListener.log 命令行参数：       -Djava.util.logging.config.file=D:\apache-tomcat-9.0.45\conf\logging.properties
20-Aug-2022 23:28:54.235 信息 [main] org.apache.catalina.startup.VersionLoggerListener.log 命令行参数：       -Djava.util.logging.manager=org.apache.juli.ClassLoaderLogManager
20-Aug-2022 23:28:54.236 信息 [main] org.apache.catalina.startup.VersionLoggerListener.log 命令行参数：       -Djdk.tls.ephemeralDHKeySize=2048
20-Aug-2022 23:28:54.237 信息 [main] org.apache.catalina.startup.VersionLoggerListener.log 命令行参数：       -Djava.protocol.handler.pkgs=org.apache.catalina.webresources
20-Aug-2022 23:28:54.239 信息 [main] org.apache.catalina.startup.VersionLoggerListener.log 命令行参数：       -Dignore.endorsed.dirs=
20-Aug-2022 23:28:54.240 信息 [main] org.apache.catalina.startup.VersionLoggerListener.log 命令行参数：       -Dcatalina.base=D:\apache-tomcat-9.0.45
20-Aug-2022 23:28:54.241 信息 [main] org.apache.catalina.startup.VersionLoggerListener.log 命令行参数：       -Dcatalina.home=D:\apache-tomcat-9.0.45
20-Aug-2022 23:28:54.242 信息 [main] org.apache.catalina.startup.VersionLoggerListener.log 命令行参数：       -Djava.io.tmpdir=D:\apache-tomcat-9.0.45\temp
20-Aug-2022 23:28:54.246 信息 [main] org.apache.catalina.core.AprLifecycleListener.lifecycleEvent 使用APR版本[1.7.0]加载了基于APR的Apache Tomcat本机库[1.2.27]。
20-Aug-2022 23:28:54.251 信息 [main] org.apache.catalina.core.AprLifecycleListener.lifecycleEvent APR功能：IPv6[true]、sendfile[true]、accept filters[false]、random[true]。
20-Aug-2022 23:28:54.253 信息 [main] org.apache.catalina.core.AprLifecycleListener.lifecycleEvent APR/OpenSSL配置：useAprConnector[false]，useOpenSSL[true]
20-Aug-2022 23:28:54.260 信息 [main] org.apache.catalina.core.AprLifecycleListener.initializeSSL OpenSSL成功初始化 [OpenSSL 1.1.1k  25 Mar 2021]
20-Aug-2022 23:28:54.643 信息 [main] org.apache.coyote.AbstractProtocol.init 初始化协议处理器 ["http-nio-8080"]
20-Aug-2022 23:28:55.093 信息 [main] org.apache.catalina.startup.Catalina.load 服务器在[1131]毫秒内初始化
20-Aug-2022 23:28:55.133 信息 [main] org.apache.catalina.core.StandardService.startInternal 正在启动服务[Catalina]
20-Aug-2022 23:28:55.133 信息 [main] org.apache.catalina.core.StandardEngine.startInternal 正在启动 Servlet 引擎：[Apache Tomcat/9.0.45]
20-Aug-2022 23:28:55.154 信息 [main] org.apache.catalina.startup.HostConfig.deployWAR 正在部署web应用程序存档文件[D:\apache-tomcat-9.0.45\webapps\cdn.war]
20-Aug-2022 23:28:58.212 信息 [main] org.apache.jasper.servlet.TldScanner.scanJars 至少有一个JAR被扫描用于TLD但尚未包含TLD。 为此记录器启用调试日志记录，以获取已扫描但未在其中找到TLD的完整JAR列表。 在扫描期间跳过不需要的JAR可以缩短启动时间和JSP编译时间。
20-Aug-2022 23:29:01.421 信息 [main] org.apache.catalina.startup.HostConfig.deployWAR web应用程序存档文件[D:\apache-tomcat-9.0.45\webapps\cdn.war]的部署已在[6,267]ms内完成
20-Aug-2022 23:29:01.425 信息 [main] org.apache.catalina.startup.HostConfig.deployDirectory 把web 应用程序部署到目录 [D:\apache-tomcat-9.0.45\webapps\cdn_war]
20-Aug-2022 23:29:03.429 信息 [main] org.apache.jasper.servlet.TldScanner.scanJars 至少有一个JAR被扫描用于TLD但尚未包含TLD。 为此记录器启用调试日志记录，以获取已扫描但未在其中找到TLD的完整JAR列表。 在扫描期间跳过不需要的JAR可以缩短启动时间和JSP编译时间。
20-Aug-2022 23:29:06.388 信息 [main] org.apache.catalina.startup.HostConfig.deployDirectory Web应用程序目录[D:\apache-tomcat-9.0.45\webapps\cdn_war]的部署已在[4,963]毫秒内完成
20-Aug-2022 23:29:06.395 信息 [main] org.apache.catalina.startup.HostConfig.deployDirectory 把web 应用程序部署到目录 [D:\apache-tomcat-9.0.45\webapps\docs]
20-Aug-2022 23:29:06.418 信息 [main] org.apache.catalina.startup.HostConfig.deployDirectory Web应用程序目录[D:\apache-tomcat-9.0.45\webapps\docs]的部署已在[22]毫秒内完成
20-Aug-2022 23:29:06.419 信息 [main] org.apache.catalina.startup.HostConfig.deployDirectory 把web 应用程序部署到目录 [D:\apache-tomcat-9.0.45\webapps\examples]
20-Aug-2022 23:29:06.647 信息 [main] org.apache.catalina.startup.HostConfig.deployDirectory Web应用程序目录[D:\apache-tomcat-9.0.45\webapps\examples]的部署已在[228]毫秒内完成
20-Aug-2022 23:29:06.656 信息 [main] org.apache.catalina.startup.HostConfig.deployDirectory 把web 应用程序部署到目录 [D:\apache-tomcat-9.0.45\webapps\host-manager]
20-Aug-2022 23:29:06.692 信息 [main] org.apache.catalina.startup.HostConfig.deployDirectory Web应用程序目录[D:\apache-tomcat-9.0.45\webapps\host-manager]的部署已在[36]毫秒内完成
20-Aug-2022 23:29:06.702 信息 [main] org.apache.catalina.startup.HostConfig.deployDirectory 把web 应用程序部署到目录 [D:\apache-tomcat-9.0.45\webapps\manager]
20-Aug-2022 23:29:06.730 信息 [main] org.apache.catalina.startup.HostConfig.deployDirectory Web应用程序目录[D:\apache-tomcat-9.0.45\webapps\manager]的部署已在[27]毫秒内完成
20-Aug-2022 23:29:06.737 信息 [main] org.apache.catalina.startup.HostConfig.deployDirectory 把web 应用程序部署到目录 [D:\apache-tomcat-9.0.45\webapps\myprjtest_war]
20-Aug-2022 23:29:07.297 信息 [main] org.apache.jasper.servlet.TldScanner.scanJars 至少有一个JAR被扫描用于TLD但尚未包含TLD。 为此记录器启用调试日志记录，以获取已扫描但未在其中找到TLD的完整JAR列表。 在扫描期间跳过不需要的JAR可以缩短启动时间和JSP编译时间。
20-Aug-2022 23:29:07.310 信息 [main] org.apache.catalina.startup.HostConfig.deployDirectory Web应用程序目录[D:\apache-tomcat-9.0.45\webapps\myprjtest_war]的部署已在[574]毫秒内完成
20-Aug-2022 23:29:07.312 信息 [main] org.apache.catalina.startup.HostConfig.deployDirectory 把web 应用程序部署到目录 [D:\apache-tomcat-9.0.45\webapps\ROOT]
20-Aug-2022 23:29:07.336 信息 [main] org.apache.catalina.startup.HostConfig.deployDirectory Web应用程序目录[D:\apache-tomcat-9.0.45\webapps\ROOT]的部署已在[24]毫秒内完成
20-Aug-2022 23:29:07.338 信息 [main] org.apache.catalina.startup.HostConfig.deployDirectory 把web 应用程序部署到目录 [D:\apache-tomcat-9.0.45\webapps\spingtest1_war]
20-Aug-2022 23:29:08.761 信息 [main] org.apache.jasper.servlet.TldScanner.scanJars 至少有一个JAR被扫描用于TLD但尚未包含TLD。 为此记录器启用调试日志记录，以获取已扫描但未在其中找到TLD的完整JAR列表。 在扫描期间跳过不需要的JAR可以缩短启动时间和JSP编译时间。
20-Aug-2022 23:29:08.815 信息 [main] org.springframework.web.context.ContextLoader.initWebApplicationContext Root WebApplicationContext: initialization started
20-Aug-2022 23:29:11.035 信息 [main] org.springframework.web.context.ContextLoader.initWebApplicationContext Root WebApplicationContext initialized in 2219 ms
20-Aug-2022 23:29:11.041 信息 [main] org.apache.catalina.startup.HostConfig.deployDirectory Web应用程序目录[D:\apache-tomcat-9.0.45\webapps\spingtest1_war]的部署已在[3,703]毫秒内完成
20-Aug-2022 23:29:11.042 信息 [main] org.apache.catalina.startup.HostConfig.deployDirectory 把web 应用程序部署到目录 [D:\apache-tomcat-9.0.45\webapps\springtest_war]
20-Aug-2022 23:29:12.375 信息 [main] org.apache.jasper.servlet.TldScanner.scanJars 至少有一个JAR被扫描用于TLD但尚未包含TLD。 为此记录器启用调试日志记录，以获取已扫描但未在其中找到TLD的完整JAR列表。 在扫描期间跳过不需要的JAR可以缩短启动时间和JSP编译时间。
20-Aug-2022 23:29:12.397 信息 [main] org.apache.catalina.startup.HostConfig.deployDirectory Web应用程序目录[D:\apache-tomcat-9.0.45\webapps\springtest_war]的部署已在[1,355]毫秒内完成
20-Aug-2022 23:29:12.403 信息 [main] org.apache.coyote.AbstractProtocol.start 开始协议处理句柄["http-nio-8080"]
20-Aug-2022 23:29:12.415 信息 [main] org.apache.catalina.startup.Catalina.start [17321]毫秒后服务器启动
