20-Aug-2022 23:26:54.563 信息 [main] org.apache.catalina.core.ApplicationContext.log No Spring WebApplicationInitializer types detected on classpath
20-Aug-2022 23:26:54.594 信息 [main] org.apache.catalina.core.ApplicationContext.log Initializing Spring root WebApplicationContext
20-Aug-2022 23:26:56.837 信息 [main] org.apache.catalina.core.ApplicationContext.log Initializing Spring DispatcherServlet 'cdn'
20-Aug-2022 23:27:00.748 信息 [main] org.apache.catalina.core.ApplicationContext.log No Spring WebApplicationInitializer types detected on classpath
20-Aug-2022 23:27:00.771 信息 [main] org.apache.catalina.core.ApplicationContext.log Initializing Spring root WebApplicationContext
20-Aug-2022 23:27:02.533 信息 [main] org.apache.catalina.core.ApplicationContext.log Initializing Spring DispatcherServlet 'cdn'
20-Aug-2022 23:27:04.319 信息 [main] org.apache.catalina.core.ApplicationContext.log ContextListener: contextInitialized()
20-Aug-2022 23:27:04.319 信息 [main] org.apache.catalina.core.ApplicationContext.log SessionListener: contextInitialized()
20-Aug-2022 23:27:04.323 信息 [main] org.apache.catalina.core.ApplicationContext.log ContextListener: attributeAdded('StockTicker', 'async.Stockticker@b5d38bb')
20-Aug-2022 23:27:07.230 信息 [main] org.apache.catalina.core.ApplicationContext.log No Spring WebApplicationInitializer types detected on classpath
20-Aug-2022 23:27:07.255 信息 [main] org.apache.catalina.core.ApplicationContext.log Initializing Spring root WebApplicationContext
20-Aug-2022 23:27:50.184 信息 [main] org.apache.catalina.core.ApplicationContext.log No Spring WebApplicationInitializer types detected on classpath
20-Aug-2022 23:28:13.418 信息 [main] org.apache.catalina.core.ApplicationContext.log No Spring WebApplicationInitializer types detected on classpath
20-Aug-2022 23:28:13.440 信息 [main] org.apache.catalina.core.ApplicationContext.log Initializing Spring root WebApplicationContext
20-Aug-2022 23:28:15.589 信息 [main] org.apache.catalina.core.ApplicationContext.log Initializing Spring DispatcherServlet 'cdn'
20-Aug-2022 23:28:18.754 信息 [main] org.apache.catalina.core.ApplicationContext.log No Spring WebApplicationInitializer types detected on classpath
20-Aug-2022 23:28:18.780 信息 [main] org.apache.catalina.core.ApplicationContext.log Initializing Spring root WebApplicationContext
20-Aug-2022 23:28:20.584 信息 [main] org.apache.catalina.core.ApplicationContext.log Initializing Spring DispatcherServlet 'cdn'
20-Aug-2022 23:28:22.005 信息 [main] org.apache.catalina.core.ApplicationContext.log ContextListener: contextInitialized()
20-Aug-2022 23:28:22.005 信息 [main] org.apache.catalina.core.ApplicationContext.log SessionListener: contextInitialized()
20-Aug-2022 23:28:22.008 信息 [main] org.apache.catalina.core.ApplicationContext.log ContextListener: attributeAdded('StockTicker', 'async.Stockticker@576e46af')
20-Aug-2022 23:28:24.452 信息 [main] org.apache.catalina.core.ApplicationContext.log No Spring WebApplicationInitializer types detected on classpath
20-Aug-2022 23:28:24.469 信息 [main] org.apache.catalina.core.ApplicationContext.log Initializing Spring root WebApplicationContext
20-Aug-2022 23:28:28.177 信息 [main] org.apache.catalina.core.ApplicationContext.log No Spring WebApplicationInitializer types detected on classpath
20-Aug-2022 23:28:28.565 信息 [main] org.apache.catalina.core.ApplicationContext.log Closing Spring root WebApplicationContext
20-Aug-2022 23:28:28.587 信息 [main] org.apache.catalina.core.ApplicationContext.log SessionListener: contextDestroyed()
20-Aug-2022 23:28:28.587 信息 [main] org.apache.catalina.core.ApplicationContext.log ContextListener: contextDestroyed()
20-Aug-2022 23:28:28.592 信息 [main] org.apache.catalina.core.ApplicationContext.log Destroying Spring FrameworkServlet 'cdn'
20-Aug-2022 23:28:28.595 信息 [main] org.apache.catalina.core.ApplicationContext.log Closing Spring root WebApplicationContext
20-Aug-2022 23:28:28.607 信息 [main] org.apache.catalina.core.ApplicationContext.log Destroying Spring FrameworkServlet 'cdn'
20-Aug-2022 23:28:28.609 信息 [main] org.apache.catalina.core.ApplicationContext.log Closing Spring root WebApplicationContext
20-Aug-2022 23:28:58.266 信息 [main] org.apache.catalina.core.ApplicationContext.log No Spring WebApplicationInitializer types detected on classpath
20-Aug-2022 23:28:58.289 信息 [main] org.apache.catalina.core.ApplicationContext.log Initializing Spring root WebApplicationContext
20-Aug-2022 23:29:00.361 信息 [main] org.apache.catalina.core.ApplicationContext.log Initializing Spring DispatcherServlet 'cdn'
20-Aug-2022 23:29:03.457 信息 [main] org.apache.catalina.core.ApplicationContext.log No Spring WebApplicationInitializer types detected on classpath
20-Aug-2022 23:29:03.475 信息 [main] org.apache.catalina.core.ApplicationContext.log Initializing Spring root WebApplicationContext
20-Aug-2022 23:29:05.213 信息 [main] org.apache.catalina.core.ApplicationContext.log Initializing Spring DispatcherServlet 'cdn'
20-Aug-2022 23:29:06.636 信息 [main] org.apache.catalina.core.ApplicationContext.log ContextListener: contextInitialized()
20-Aug-2022 23:29:06.636 信息 [main] org.apache.catalina.core.ApplicationContext.log SessionListener: contextInitialized()
20-Aug-2022 23:29:06.638 信息 [main] org.apache.catalina.core.ApplicationContext.log ContextListener: attributeAdded('StockTicker', 'async.Stockticker@77b7cc64')
20-Aug-2022 23:29:08.775 信息 [main] org.apache.catalina.core.ApplicationContext.log No Spring WebApplicationInitializer types detected on classpath
20-Aug-2022 23:29:08.794 信息 [main] org.apache.catalina.core.ApplicationContext.log Initializing Spring root WebApplicationContext
20-Aug-2022 23:29:12.391 信息 [main] org.apache.catalina.core.ApplicationContext.log No Spring WebApplicationInitializer types detected on classpath
20-Aug-2022 23:29:26.430 严重 [http-nio-8080-exec-3] org.apache.catalina.core.StandardWrapperValve.invoke 在路径为/cdn_war的上下文中，Servlet[cdn]的Servlet.service（）引发了具有根本原因的异常Request processing failed; nested exception is org.mybatis.spring.MyBatisSystemException: nested exception is org.apache.ibatis.exceptions.PersistenceException: 
### Error querying database.  Cause: redis.clients.jedis.exceptions.JedisConnectionException: Could not get a resource from the pool
### Cause: redis.clients.jedis.exceptions.JedisConnectionException: Could not get a resource from the pool
	java.net.ConnectException: Connection refused: connect
		at java.net.DualStackPlainSocketImpl.waitForConnect(Native Method)
		at java.net.DualStackPlainSocketImpl.socketConnect(DualStackPlainSocketImpl.java:85)
		at java.net.AbstractPlainSocketImpl.doConnect(AbstractPlainSocketImpl.java:350)
		at java.net.AbstractPlainSocketImpl.connectToAddress(AbstractPlainSocketImpl.java:206)
		at java.net.AbstractPlainSocketImpl.connect(AbstractPlainSocketImpl.java:188)
		at java.net.PlainSocketImpl.connect(PlainSocketImpl.java:172)
		at java.net.SocksSocketImpl.connect(SocksSocketImpl.java:392)
		at java.net.Socket.connect(Socket.java:589)
		at redis.clients.jedis.Connection.connect(Connection.java:158)
		at redis.clients.jedis.BinaryClient.connect(BinaryClient.java:80)
		at redis.clients.jedis.BinaryJedis.connect(BinaryJedis.java:1676)
		at redis.clients.jedis.JedisFactory.makeObject(JedisFactory.java:87)
		at org.apache.commons.pool2.impl.GenericObjectPool.create(GenericObjectPool.java:565)
		at org.apache.commons.pool2.impl.GenericObjectPool.borrowObject(GenericObjectPool.java:307)
		at org.apache.commons.pool2.impl.GenericObjectPool.borrowObject(GenericObjectPool.java:428)
		at org.apache.commons.pool2.impl.GenericObjectPool.borrowObject(GenericObjectPool.java:232)
		at redis.clients.util.Pool.getResource(Pool.java:48)
		at redis.clients.jedis.JedisPool.getResource(JedisPool.java:99)
		at org.mybatis.caches.redis.RedisCache.execute(RedisCache.java:51)
		at org.mybatis.caches.redis.RedisCache.getObject(RedisCache.java:88)
		at org.apache.ibatis.cache.decorators.LoggingCache.getObject(LoggingCache.java:55)
		at org.apache.ibatis.cache.decorators.TransactionalCache.getObject(TransactionalCache.java:67)
		at org.apache.ibatis.cache.TransactionalCacheManager.getObject(TransactionalCacheManager.java:36)
		at org.apache.ibatis.executor.CachingExecutor.query(CachingExecutor.java:101)
		at org.apache.ibatis.executor.CachingExecutor.query(CachingExecutor.java:89)
		at org.apache.ibatis.session.defaults.DefaultSqlSession.selectList(DefaultSqlSession.java:151)
		at org.apache.ibatis.session.defaults.DefaultSqlSession.selectList(DefaultSqlSession.java:145)
		at org.apache.ibatis.session.defaults.DefaultSqlSession.selectList(DefaultSqlSession.java:140)
		at sun.reflect.NativeMethodAccessorImpl.invoke0(Native Method)
		at sun.reflect.NativeMethodAccessorImpl.invoke(NativeMethodAccessorImpl.java:62)
		at sun.reflect.DelegatingMethodAccessorImpl.invoke(DelegatingMethodAccessorImpl.java:43)
		at java.lang.reflect.Method.invoke(Method.java:498)
		at org.mybatis.spring.SqlSessionTemplate$SqlSessionInterceptor.invoke(SqlSessionTemplate.java:427)
		at com.sun.proxy.$Proxy42.selectList(Unknown Source)
		at org.mybatis.spring.SqlSessionTemplate.selectList(SqlSessionTemplate.java:224)
		at org.apache.ibatis.binding.MapperMethod.executeForMany(MapperMethod.java:147)
		at org.apache.ibatis.binding.MapperMethod.execute(MapperMethod.java:80)
		at org.apache.ibatis.binding.MapperProxy$PlainMethodInvoker.invoke(MapperProxy.java:145)
		at org.apache.ibatis.binding.MapperProxy.invoke(MapperProxy.java:86)
		at com.sun.proxy.$Proxy48.find(Unknown Source)
		at service.impl.TSpnameTrafficsServiceImpl.find(TSpnameTrafficsServiceImpl.java:85)
		at controller.TSpnameTrafficsController.list(TSpnameTrafficsController.java:39)
		at sun.reflect.NativeMethodAccessorImpl.invoke0(Native Method)
		at sun.reflect.NativeMethodAccessorImpl.invoke(NativeMethodAccessorImpl.java:62)
		at sun.reflect.DelegatingMethodAccessorImpl.invoke(DelegatingMethodAccessorImpl.java:43)
		at java.lang.reflect.Method.invoke(Method.java:498)
		at org.springframework.web.method.support.InvocableHandlerMethod.doInvoke(InvocableHandlerMethod.java:205)
		at org.springframework.web.method.support.InvocableHandlerMethod.invokeForRequest(InvocableHandlerMethod.java:150)
		at org.springframework.web.servlet.mvc.method.annotation.ServletInvocableHandlerMethod.invokeAndHandle(ServletInvocableHandlerMethod.java:117)
		at org.springframework.web.servlet.mvc.method.annotation.RequestMappingHandlerAdapter.invokeHandlerMethod(RequestMappingHandlerAdapter.java:895)
		at org.springframework.web.servlet.mvc.method.annotation.RequestMappingHandlerAdapter.handleInternal(RequestMappingHandlerAdapter.java:808)
		at org.springframework.web.servlet.mvc.method.AbstractHandlerMethodAdapter.handle(AbstractHandlerMethodAdapter.java:87)
		at org.springframework.web.servlet.DispatcherServlet.doDispatch(DispatcherServlet.java:1070)
		at org.springframework.web.servlet.DispatcherServlet.doService(DispatcherServlet.java:963)
		at org.springframework.web.servlet.FrameworkServlet.processRequest(FrameworkServlet.java:1006)
		at org.springframework.web.servlet.FrameworkServlet.doGet(FrameworkServlet.java:898)
		at javax.servlet.http.HttpServlet.service(HttpServlet.java:626)
		at org.springframework.web.servlet.FrameworkServlet.service(FrameworkServlet.java:883)
		at javax.servlet.http.HttpServlet.service(HttpServlet.java:733)
		at org.apache.catalina.core.ApplicationFilterChain.internalDoFilter(ApplicationFilterChain.java:227)
		at org.apache.catalina.core.ApplicationFilterChain.doFilter(ApplicationFilterChain.java:162)
		at org.apache.tomcat.websocket.server.WsFilter.doFilter(WsFilter.java:53)
		at org.apache.catalina.core.ApplicationFilterChain.internalDoFilter(ApplicationFilterChain.java:189)
		at org.apache.catalina.core.ApplicationFilterChain.doFilter(ApplicationFilterChain.java:162)
		at org.apache.catalina.core.StandardWrapperValve.invoke(StandardWrapperValve.java:202)
		at org.apache.catalina.core.StandardContextValve.invoke(StandardContextValve.java:97)
		at org.apache.catalina.authenticator.AuthenticatorBase.invoke(AuthenticatorBase.java:542)
		at org.apache.catalina.core.StandardHostValve.invoke(StandardHostValve.java:143)
		at org.apache.catalina.valves.ErrorReportValve.invoke(ErrorReportValve.java:92)
		at org.apache.catalina.valves.AbstractAccessLogValve.invoke(AbstractAccessLogValve.java:687)
		at org.apache.catalina.core.StandardEngineValve.invoke(StandardEngineValve.java:78)
		at org.apache.catalina.connector.CoyoteAdapter.service(CoyoteAdapter.java:357)
		at org.apache.coyote.http11.Http11Processor.service(Http11Processor.java:374)
		at org.apache.coyote.AbstractProcessorLight.process(AbstractProcessorLight.java:65)
		at org.apache.coyote.AbstractProtocol$ConnectionHandler.process(AbstractProtocol.java:893)
		at org.apache.tomcat.util.net.NioEndpoint$SocketProcessor.doRun(NioEndpoint.java:1707)
		at org.apache.tomcat.util.net.SocketProcessorBase.run(SocketProcessorBase.java:49)
		at java.util.concurrent.ThreadPoolExecutor.runWorker(ThreadPoolExecutor.java:1149)
		at java.util.concurrent.ThreadPoolExecutor$Worker.run(ThreadPoolExecutor.java:624)
		at org.apache.tomcat.util.threads.TaskThread$WrappingRunnable.run(TaskThread.java:61)
		at java.lang.Thread.run(Thread.java:748)
