21-Aug-2022 08:53:34.939 信息 [main] org.apache.catalina.core.ApplicationContext.log No Spring WebApplicationInitializer types detected on classpath
21-Aug-2022 08:53:34.966 信息 [main] org.apache.catalina.core.ApplicationContext.log Initializing Spring root WebApplicationContext
21-Aug-2022 08:53:37.444 信息 [main] org.apache.catalina.core.ApplicationContext.log Initializing Spring DispatcherServlet 'cdn'
21-Aug-2022 08:53:43.340 信息 [main] org.apache.catalina.core.ApplicationContext.log No Spring WebApplicationInitializer types detected on classpath
21-Aug-2022 08:53:43.387 信息 [main] org.apache.catalina.core.ApplicationContext.log Initializing Spring root WebApplicationContext
21-Aug-2022 08:53:45.531 信息 [main] org.apache.catalina.core.ApplicationContext.log Initializing Spring DispatcherServlet 'cdn'
21-Aug-2022 08:53:47.220 信息 [main] org.apache.catalina.core.ApplicationContext.log ContextListener: contextInitialized()
21-Aug-2022 08:53:47.220 信息 [main] org.apache.catalina.core.ApplicationContext.log SessionListener: contextInitialized()
21-Aug-2022 08:53:47.221 信息 [main] org.apache.catalina.core.ApplicationContext.log ContextListener: attributeAdded('StockTicker', 'async.Stockticker@77b7cc64')
21-Aug-2022 08:53:50.454 信息 [main] org.apache.catalina.core.ApplicationContext.log No Spring WebApplicationInitializer types detected on classpath
21-Aug-2022 08:53:50.469 信息 [main] org.apache.catalina.core.ApplicationContext.log Initializing Spring root WebApplicationContext
21-Aug-2022 08:53:55.144 信息 [main] org.apache.catalina.core.ApplicationContext.log No Spring WebApplicationInitializer types detected on classpath
21-Aug-2022 10:11:47.867 严重 [http-nio-8080-exec-8] org.apache.catalina.core.StandardWrapperValve.invoke 在路径为/cdn_war的上下文中，Servlet[cdn]的Servlet.service（）引发了具有根本原因的异常Request processing failed; nested exception is org.mybatis.spring.MyBatisSystemException: nested exception is org.apache.ibatis.exceptions.PersistenceException: 
### Error querying database.  Cause: redis.clients.jedis.exceptions.JedisConnectionException: Could not get a resource from the pool
### Cause: redis.clients.jedis.exceptions.JedisConnectionException: Could not get a resource from the pool
	java.net.ConnectException: Connection refused: connect
		at java.net.DualStackPlainSocketImpl.waitForConnect(Native Method)
		at java.net.DualStackPlainSocketImpl.socketConnect(DualStackPlainSocketImpl.java:85)
		at java.net.AbstractPlainSocketImpl.doConnect(AbstractPlainSocketImpl.java:350)
		at java.net.AbstractPlainSocketImpl.connectToAddress(AbstractPlainSocketImpl.java:206)
		at java.net.AbstractPlainSocketImpl.connect(AbstractPlainSocketImpl.java:188)
		at java.net.PlainSocketImpl.connect(PlainSocketImpl.java:172)
		at java.net.SocksSocketImpl.connect(SocksSocketImpl.java:392)
		at java.net.Socket.connect(Socket.java:589)
		at redis.clients.jedis.Connection.connect(Connection.java:158)
		at redis.clients.jedis.BinaryClient.connect(BinaryClient.java:80)
		at redis.clients.jedis.BinaryJedis.connect(BinaryJedis.java:1676)
		at redis.clients.jedis.JedisFactory.makeObject(JedisFactory.java:87)
		at org.apache.commons.pool2.impl.GenericObjectPool.create(GenericObjectPool.java:565)
		at org.apache.commons.pool2.impl.GenericObjectPool.borrowObject(GenericObjectPool.java:307)
		at org.apache.commons.pool2.impl.GenericObjectPool.borrowObject(GenericObjectPool.java:428)
		at org.apache.commons.pool2.impl.GenericObjectPool.borrowObject(GenericObjectPool.java:232)
		at redis.clients.util.Pool.getResource(Pool.java:48)
		at redis.clients.jedis.JedisPool.getResource(JedisPool.java:99)
		at org.mybatis.caches.redis.RedisCache.execute(RedisCache.java:51)
		at org.mybatis.caches.redis.RedisCache.getObject(RedisCache.java:88)
		at org.apache.ibatis.cache.decorators.LoggingCache.getObject(LoggingCache.java:55)
		at org.apache.ibatis.cache.decorators.TransactionalCache.getObject(TransactionalCache.java:67)
		at org.apache.ibatis.cache.TransactionalCacheManager.getObject(TransactionalCacheManager.java:36)
		at org.apache.ibatis.executor.CachingExecutor.query(CachingExecutor.java:101)
		at org.apache.ibatis.executor.CachingExecutor.query(CachingExecutor.java:89)
		at org.apache.ibatis.session.defaults.DefaultSqlSession.selectList(DefaultSqlSession.java:151)
		at org.apache.ibatis.session.defaults.DefaultSqlSession.selectList(DefaultSqlSession.java:145)
		at org.apache.ibatis.session.defaults.DefaultSqlSession.selectList(DefaultSqlSession.java:140)
		at sun.reflect.NativeMethodAccessorImpl.invoke0(Native Method)
		at sun.reflect.NativeMethodAccessorImpl.invoke(NativeMethodAccessorImpl.java:62)
		at sun.reflect.DelegatingMethodAccessorImpl.invoke(DelegatingMethodAccessorImpl.java:43)
		at java.lang.reflect.Method.invoke(Method.java:498)
		at org.mybatis.spring.SqlSessionTemplate$SqlSessionInterceptor.invoke(SqlSessionTemplate.java:427)
		at com.sun.proxy.$Proxy42.selectList(Unknown Source)
		at org.mybatis.spring.SqlSessionTemplate.selectList(SqlSessionTemplate.java:224)
		at org.apache.ibatis.binding.MapperMethod.executeForMany(MapperMethod.java:147)
		at org.apache.ibatis.binding.MapperMethod.execute(MapperMethod.java:80)
		at org.apache.ibatis.binding.MapperProxy$PlainMethodInvoker.invoke(MapperProxy.java:145)
		at org.apache.ibatis.binding.MapperProxy.invoke(MapperProxy.java:86)
		at com.sun.proxy.$Proxy46.find(Unknown Source)
		at service.impl.TPnameTrafficsServiceImpl.find(TPnameTrafficsServiceImpl.java:80)
		at service.impl.TPnameTrafficsServiceImpl$$FastClassBySpringCGLIB$$de352003.invoke(<generated>)
		at org.springframework.cglib.proxy.MethodProxy.invoke(MethodProxy.java:218)
		at org.springframework.aop.framework.CglibAopProxy$CglibMethodInvocation.invokeJoinpoint(CglibAopProxy.java:793)
		at org.springframework.aop.framework.ReflectiveMethodInvocation.proceed(ReflectiveMethodInvocation.java:163)
		at org.springframework.aop.framework.CglibAopProxy$CglibMethodInvocation.proceed(CglibAopProxy.java:763)
		at org.springframework.transaction.interceptor.TransactionInterceptor$1.proceedWithInvocation(TransactionInterceptor.java:123)
		at org.springframework.transaction.interceptor.TransactionAspectSupport.invokeWithinTransaction(TransactionAspectSupport.java:388)
		at org.springframework.transaction.interceptor.TransactionInterceptor.invoke(TransactionInterceptor.java:119)
		at org.springframework.aop.framework.ReflectiveMethodInvocation.proceed(ReflectiveMethodInvocation.java:186)
		at org.springframework.aop.framework.CglibAopProxy$CglibMethodInvocation.proceed(CglibAopProxy.java:763)
		at org.springframework.aop.framework.CglibAopProxy$DynamicAdvisedInterceptor.intercept(CglibAopProxy.java:708)
		at service.impl.TPnameTrafficsServiceImpl$$EnhancerBySpringCGLIB$$a8efa559.find(<generated>)
		at controller.TPnameTrafficsController.list(TPnameTrafficsController.java:40)
		at sun.reflect.NativeMethodAccessorImpl.invoke0(Native Method)
		at sun.reflect.NativeMethodAccessorImpl.invoke(NativeMethodAccessorImpl.java:62)
		at sun.reflect.DelegatingMethodAccessorImpl.invoke(DelegatingMethodAccessorImpl.java:43)
		at java.lang.reflect.Method.invoke(Method.java:498)
		at org.springframework.web.method.support.InvocableHandlerMethod.doInvoke(InvocableHandlerMethod.java:205)
		at org.springframework.web.method.support.InvocableHandlerMethod.invokeForRequest(InvocableHandlerMethod.java:150)
		at org.springframework.web.servlet.mvc.method.annotation.ServletInvocableHandlerMethod.invokeAndHandle(ServletInvocableHandlerMethod.java:117)
		at org.springframework.web.servlet.mvc.method.annotation.RequestMappingHandlerAdapter.invokeHandlerMethod(RequestMappingHandlerAdapter.java:895)
		at org.springframework.web.servlet.mvc.method.annotation.RequestMappingHandlerAdapter.handleInternal(RequestMappingHandlerAdapter.java:808)
		at org.springframework.web.servlet.mvc.method.AbstractHandlerMethodAdapter.handle(AbstractHandlerMethodAdapter.java:87)
		at org.springframework.web.servlet.DispatcherServlet.doDispatch(DispatcherServlet.java:1070)
		at org.springframework.web.servlet.DispatcherServlet.doService(DispatcherServlet.java:963)
		at org.springframework.web.servlet.FrameworkServlet.processRequest(FrameworkServlet.java:1006)
		at org.springframework.web.servlet.FrameworkServlet.doGet(FrameworkServlet.java:898)
		at javax.servlet.http.HttpServlet.service(HttpServlet.java:626)
		at org.springframework.web.servlet.FrameworkServlet.service(FrameworkServlet.java:883)
		at javax.servlet.http.HttpServlet.service(HttpServlet.java:733)
		at org.apache.catalina.core.ApplicationFilterChain.internalDoFilter(ApplicationFilterChain.java:227)
		at org.apache.catalina.core.ApplicationFilterChain.doFilter(ApplicationFilterChain.java:162)
		at org.apache.tomcat.websocket.server.WsFilter.doFilter(WsFilter.java:53)
		at org.apache.catalina.core.ApplicationFilterChain.internalDoFilter(ApplicationFilterChain.java:189)
		at org.apache.catalina.core.ApplicationFilterChain.doFilter(ApplicationFilterChain.java:162)
		at org.apache.catalina.core.StandardWrapperValve.invoke(StandardWrapperValve.java:202)
		at org.apache.catalina.core.StandardContextValve.invoke(StandardContextValve.java:97)
		at org.apache.catalina.authenticator.AuthenticatorBase.invoke(AuthenticatorBase.java:542)
		at org.apache.catalina.core.StandardHostValve.invoke(StandardHostValve.java:143)
		at org.apache.catalina.valves.ErrorReportValve.invoke(ErrorReportValve.java:92)
		at org.apache.catalina.valves.AbstractAccessLogValve.invoke(AbstractAccessLogValve.java:687)
		at org.apache.catalina.core.StandardEngineValve.invoke(StandardEngineValve.java:78)
		at org.apache.catalina.connector.CoyoteAdapter.service(CoyoteAdapter.java:357)
		at org.apache.coyote.http11.Http11Processor.service(Http11Processor.java:374)
		at org.apache.coyote.AbstractProcessorLight.process(AbstractProcessorLight.java:65)
		at org.apache.coyote.AbstractProtocol$ConnectionHandler.process(AbstractProtocol.java:893)
		at org.apache.tomcat.util.net.NioEndpoint$SocketProcessor.doRun(NioEndpoint.java:1707)
		at org.apache.tomcat.util.net.SocketProcessorBase.run(SocketProcessorBase.java:49)
		at java.util.concurrent.ThreadPoolExecutor.runWorker(ThreadPoolExecutor.java:1149)
		at java.util.concurrent.ThreadPoolExecutor$Worker.run(ThreadPoolExecutor.java:624)
		at org.apache.tomcat.util.threads.TaskThread$WrappingRunnable.run(TaskThread.java:61)
		at java.lang.Thread.run(Thread.java:748)
21-Aug-2022 10:11:58.898 严重 [http-nio-8080-exec-10] org.apache.catalina.core.StandardWrapperValve.invoke 在路径为/cdn_war的上下文中，Servlet[cdn]的Servlet.service（）引发了具有根本原因的异常Request processing failed; nested exception is org.mybatis.spring.MyBatisSystemException: nested exception is org.apache.ibatis.exceptions.PersistenceException: 
### Error querying database.  Cause: redis.clients.jedis.exceptions.JedisConnectionException: Could not get a resource from the pool
### Cause: redis.clients.jedis.exceptions.JedisConnectionException: Could not get a resource from the pool
	java.net.ConnectException: Connection refused: connect
		at java.net.DualStackPlainSocketImpl.waitForConnect(Native Method)
		at java.net.DualStackPlainSocketImpl.socketConnect(DualStackPlainSocketImpl.java:85)
		at java.net.AbstractPlainSocketImpl.doConnect(AbstractPlainSocketImpl.java:350)
		at java.net.AbstractPlainSocketImpl.connectToAddress(AbstractPlainSocketImpl.java:206)
		at java.net.AbstractPlainSocketImpl.connect(AbstractPlainSocketImpl.java:188)
		at java.net.PlainSocketImpl.connect(PlainSocketImpl.java:172)
		at java.net.SocksSocketImpl.connect(SocksSocketImpl.java:392)
		at java.net.Socket.connect(Socket.java:589)
		at redis.clients.jedis.Connection.connect(Connection.java:158)
		at redis.clients.jedis.BinaryClient.connect(BinaryClient.java:80)
		at redis.clients.jedis.BinaryJedis.connect(BinaryJedis.java:1676)
		at redis.clients.jedis.JedisFactory.makeObject(JedisFactory.java:87)
		at org.apache.commons.pool2.impl.GenericObjectPool.create(GenericObjectPool.java:565)
		at org.apache.commons.pool2.impl.GenericObjectPool.borrowObject(GenericObjectPool.java:307)
		at org.apache.commons.pool2.impl.GenericObjectPool.borrowObject(GenericObjectPool.java:428)
		at org.apache.commons.pool2.impl.GenericObjectPool.borrowObject(GenericObjectPool.java:232)
		at redis.clients.util.Pool.getResource(Pool.java:48)
		at redis.clients.jedis.JedisPool.getResource(JedisPool.java:99)
		at org.mybatis.caches.redis.RedisCache.execute(RedisCache.java:51)
		at org.mybatis.caches.redis.RedisCache.getObject(RedisCache.java:88)
		at org.apache.ibatis.cache.decorators.LoggingCache.getObject(LoggingCache.java:55)
		at org.apache.ibatis.cache.decorators.TransactionalCache.getObject(TransactionalCache.java:67)
		at org.apache.ibatis.cache.TransactionalCacheManager.getObject(TransactionalCacheManager.java:36)
		at org.apache.ibatis.executor.CachingExecutor.query(CachingExecutor.java:101)
		at org.apache.ibatis.executor.CachingExecutor.query(CachingExecutor.java:89)
		at org.apache.ibatis.session.defaults.DefaultSqlSession.selectList(DefaultSqlSession.java:151)
		at org.apache.ibatis.session.defaults.DefaultSqlSession.selectList(DefaultSqlSession.java:145)
		at org.apache.ibatis.session.defaults.DefaultSqlSession.selectList(DefaultSqlSession.java:140)
		at sun.reflect.NativeMethodAccessorImpl.invoke0(Native Method)
		at sun.reflect.NativeMethodAccessorImpl.invoke(NativeMethodAccessorImpl.java:62)
		at sun.reflect.DelegatingMethodAccessorImpl.invoke(DelegatingMethodAccessorImpl.java:43)
		at java.lang.reflect.Method.invoke(Method.java:498)
		at org.mybatis.spring.SqlSessionTemplate$SqlSessionInterceptor.invoke(SqlSessionTemplate.java:427)
		at com.sun.proxy.$Proxy42.selectList(Unknown Source)
		at org.mybatis.spring.SqlSessionTemplate.selectList(SqlSessionTemplate.java:224)
		at org.apache.ibatis.binding.MapperMethod.executeForMany(MapperMethod.java:147)
		at org.apache.ibatis.binding.MapperMethod.execute(MapperMethod.java:80)
		at org.apache.ibatis.binding.MapperProxy$PlainMethodInvoker.invoke(MapperProxy.java:145)
		at org.apache.ibatis.binding.MapperProxy.invoke(MapperProxy.java:86)
		at com.sun.proxy.$Proxy48.find(Unknown Source)
		at service.impl.TSpnameTrafficsServiceImpl.find(TSpnameTrafficsServiceImpl.java:85)
		at controller.TSpnameTrafficsController.list(TSpnameTrafficsController.java:39)
		at sun.reflect.NativeMethodAccessorImpl.invoke0(Native Method)
		at sun.reflect.NativeMethodAccessorImpl.invoke(NativeMethodAccessorImpl.java:62)
		at sun.reflect.DelegatingMethodAccessorImpl.invoke(DelegatingMethodAccessorImpl.java:43)
		at java.lang.reflect.Method.invoke(Method.java:498)
		at org.springframework.web.method.support.InvocableHandlerMethod.doInvoke(InvocableHandlerMethod.java:205)
		at org.springframework.web.method.support.InvocableHandlerMethod.invokeForRequest(InvocableHandlerMethod.java:150)
		at org.springframework.web.servlet.mvc.method.annotation.ServletInvocableHandlerMethod.invokeAndHandle(ServletInvocableHandlerMethod.java:117)
		at org.springframework.web.servlet.mvc.method.annotation.RequestMappingHandlerAdapter.invokeHandlerMethod(RequestMappingHandlerAdapter.java:895)
		at org.springframework.web.servlet.mvc.method.annotation.RequestMappingHandlerAdapter.handleInternal(RequestMappingHandlerAdapter.java:808)
		at org.springframework.web.servlet.mvc.method.AbstractHandlerMethodAdapter.handle(AbstractHandlerMethodAdapter.java:87)
		at org.springframework.web.servlet.DispatcherServlet.doDispatch(DispatcherServlet.java:1070)
		at org.springframework.web.servlet.DispatcherServlet.doService(DispatcherServlet.java:963)
		at org.springframework.web.servlet.FrameworkServlet.processRequest(FrameworkServlet.java:1006)
		at org.springframework.web.servlet.FrameworkServlet.doGet(FrameworkServlet.java:898)
		at javax.servlet.http.HttpServlet.service(HttpServlet.java:626)
		at org.springframework.web.servlet.FrameworkServlet.service(FrameworkServlet.java:883)
		at javax.servlet.http.HttpServlet.service(HttpServlet.java:733)
		at org.apache.catalina.core.ApplicationFilterChain.internalDoFilter(ApplicationFilterChain.java:227)
		at org.apache.catalina.core.ApplicationFilterChain.doFilter(ApplicationFilterChain.java:162)
		at org.apache.tomcat.websocket.server.WsFilter.doFilter(WsFilter.java:53)
		at org.apache.catalina.core.ApplicationFilterChain.internalDoFilter(ApplicationFilterChain.java:189)
		at org.apache.catalina.core.ApplicationFilterChain.doFilter(ApplicationFilterChain.java:162)
		at org.apache.catalina.core.StandardWrapperValve.invoke(StandardWrapperValve.java:202)
		at org.apache.catalina.core.StandardContextValve.invoke(StandardContextValve.java:97)
		at org.apache.catalina.authenticator.AuthenticatorBase.invoke(AuthenticatorBase.java:542)
		at org.apache.catalina.core.StandardHostValve.invoke(StandardHostValve.java:143)
		at org.apache.catalina.valves.ErrorReportValve.invoke(ErrorReportValve.java:92)
		at org.apache.catalina.valves.AbstractAccessLogValve.invoke(AbstractAccessLogValve.java:687)
		at org.apache.catalina.core.StandardEngineValve.invoke(StandardEngineValve.java:78)
		at org.apache.catalina.connector.CoyoteAdapter.service(CoyoteAdapter.java:357)
		at org.apache.coyote.http11.Http11Processor.service(Http11Processor.java:374)
		at org.apache.coyote.AbstractProcessorLight.process(AbstractProcessorLight.java:65)
		at org.apache.coyote.AbstractProtocol$ConnectionHandler.process(AbstractProtocol.java:893)
		at org.apache.tomcat.util.net.NioEndpoint$SocketProcessor.doRun(NioEndpoint.java:1707)
		at org.apache.tomcat.util.net.SocketProcessorBase.run(SocketProcessorBase.java:49)
		at java.util.concurrent.ThreadPoolExecutor.runWorker(ThreadPoolExecutor.java:1149)
		at java.util.concurrent.ThreadPoolExecutor$Worker.run(ThreadPoolExecutor.java:624)
		at org.apache.tomcat.util.threads.TaskThread$WrappingRunnable.run(TaskThread.java:61)
		at java.lang.Thread.run(Thread.java:748)
21-Aug-2022 10:46:43.981 严重 [http-nio-8080-exec-1] org.apache.catalina.core.StandardWrapperValve.invoke 在路径为/cdn_war的上下文中，Servlet[cdn]的Servlet.service（）引发了具有根本原因的异常Request processing failed; nested exception is org.mybatis.spring.MyBatisSystemException: nested exception is org.apache.ibatis.exceptions.PersistenceException: 
### Error querying database.  Cause: redis.clients.jedis.exceptions.JedisConnectionException: Could not get a resource from the pool
### Cause: redis.clients.jedis.exceptions.JedisConnectionException: Could not get a resource from the pool
	java.net.ConnectException: Connection refused: connect
		at java.net.DualStackPlainSocketImpl.waitForConnect(Native Method)
		at java.net.DualStackPlainSocketImpl.socketConnect(DualStackPlainSocketImpl.java:85)
		at java.net.AbstractPlainSocketImpl.doConnect(AbstractPlainSocketImpl.java:350)
		at java.net.AbstractPlainSocketImpl.connectToAddress(AbstractPlainSocketImpl.java:206)
		at java.net.AbstractPlainSocketImpl.connect(AbstractPlainSocketImpl.java:188)
		at java.net.PlainSocketImpl.connect(PlainSocketImpl.java:172)
		at java.net.SocksSocketImpl.connect(SocksSocketImpl.java:392)
		at java.net.Socket.connect(Socket.java:589)
		at redis.clients.jedis.Connection.connect(Connection.java:158)
		at redis.clients.jedis.BinaryClient.connect(BinaryClient.java:80)
		at redis.clients.jedis.BinaryJedis.connect(BinaryJedis.java:1676)
		at redis.clients.jedis.JedisFactory.makeObject(JedisFactory.java:87)
		at org.apache.commons.pool2.impl.GenericObjectPool.create(GenericObjectPool.java:565)
		at org.apache.commons.pool2.impl.GenericObjectPool.borrowObject(GenericObjectPool.java:307)
		at org.apache.commons.pool2.impl.GenericObjectPool.borrowObject(GenericObjectPool.java:428)
		at org.apache.commons.pool2.impl.GenericObjectPool.borrowObject(GenericObjectPool.java:232)
		at redis.clients.util.Pool.getResource(Pool.java:48)
		at redis.clients.jedis.JedisPool.getResource(JedisPool.java:99)
		at org.mybatis.caches.redis.RedisCache.execute(RedisCache.java:51)
		at org.mybatis.caches.redis.RedisCache.getObject(RedisCache.java:88)
		at org.apache.ibatis.cache.decorators.LoggingCache.getObject(LoggingCache.java:55)
		at org.apache.ibatis.cache.decorators.TransactionalCache.getObject(TransactionalCache.java:67)
		at org.apache.ibatis.cache.TransactionalCacheManager.getObject(TransactionalCacheManager.java:36)
		at org.apache.ibatis.executor.CachingExecutor.query(CachingExecutor.java:101)
		at org.apache.ibatis.executor.CachingExecutor.query(CachingExecutor.java:89)
		at org.apache.ibatis.session.defaults.DefaultSqlSession.selectList(DefaultSqlSession.java:151)
		at org.apache.ibatis.session.defaults.DefaultSqlSession.selectList(DefaultSqlSession.java:145)
		at org.apache.ibatis.session.defaults.DefaultSqlSession.selectList(DefaultSqlSession.java:140)
		at sun.reflect.NativeMethodAccessorImpl.invoke0(Native Method)
		at sun.reflect.NativeMethodAccessorImpl.invoke(NativeMethodAccessorImpl.java:62)
		at sun.reflect.DelegatingMethodAccessorImpl.invoke(DelegatingMethodAccessorImpl.java:43)
		at java.lang.reflect.Method.invoke(Method.java:498)
		at org.mybatis.spring.SqlSessionTemplate$SqlSessionInterceptor.invoke(SqlSessionTemplate.java:427)
		at com.sun.proxy.$Proxy42.selectList(Unknown Source)
		at org.mybatis.spring.SqlSessionTemplate.selectList(SqlSessionTemplate.java:224)
		at org.apache.ibatis.binding.MapperMethod.executeForMany(MapperMethod.java:147)
		at org.apache.ibatis.binding.MapperMethod.execute(MapperMethod.java:80)
		at org.apache.ibatis.binding.MapperProxy$PlainMethodInvoker.invoke(MapperProxy.java:145)
		at org.apache.ibatis.binding.MapperProxy.invoke(MapperProxy.java:86)
		at com.sun.proxy.$Proxy46.findx(Unknown Source)
		at service.impl.TPnameTrafficsServiceImpl.findx(TPnameTrafficsServiceImpl.java:84)
		at service.impl.TPnameTrafficsServiceImpl$$FastClassBySpringCGLIB$$de352003.invoke(<generated>)
		at org.springframework.cglib.proxy.MethodProxy.invoke(MethodProxy.java:218)
		at org.springframework.aop.framework.CglibAopProxy$CglibMethodInvocation.invokeJoinpoint(CglibAopProxy.java:793)
		at org.springframework.aop.framework.ReflectiveMethodInvocation.proceed(ReflectiveMethodInvocation.java:163)
		at org.springframework.aop.framework.CglibAopProxy$CglibMethodInvocation.proceed(CglibAopProxy.java:763)
		at org.springframework.transaction.interceptor.TransactionInterceptor$1.proceedWithInvocation(TransactionInterceptor.java:123)
		at org.springframework.transaction.interceptor.TransactionAspectSupport.invokeWithinTransaction(TransactionAspectSupport.java:388)
		at org.springframework.transaction.interceptor.TransactionInterceptor.invoke(TransactionInterceptor.java:119)
		at org.springframework.aop.framework.ReflectiveMethodInvocation.proceed(ReflectiveMethodInvocation.java:186)
		at org.springframework.aop.framework.CglibAopProxy$CglibMethodInvocation.proceed(CglibAopProxy.java:763)
		at org.springframework.aop.framework.CglibAopProxy$DynamicAdvisedInterceptor.intercept(CglibAopProxy.java:708)
		at service.impl.TPnameTrafficsServiceImpl$$EnhancerBySpringCGLIB$$a8efa559.findx(<generated>)
		at controller.TPnameTrafficsController.list(TPnameTrafficsController.java:38)
		at sun.reflect.NativeMethodAccessorImpl.invoke0(Native Method)
		at sun.reflect.NativeMethodAccessorImpl.invoke(NativeMethodAccessorImpl.java:62)
		at sun.reflect.DelegatingMethodAccessorImpl.invoke(DelegatingMethodAccessorImpl.java:43)
		at java.lang.reflect.Method.invoke(Method.java:498)
		at org.springframework.web.method.support.InvocableHandlerMethod.doInvoke(InvocableHandlerMethod.java:205)
		at org.springframework.web.method.support.InvocableHandlerMethod.invokeForRequest(InvocableHandlerMethod.java:150)
		at org.springframework.web.servlet.mvc.method.annotation.ServletInvocableHandlerMethod.invokeAndHandle(ServletInvocableHandlerMethod.java:117)
		at org.springframework.web.servlet.mvc.method.annotation.RequestMappingHandlerAdapter.invokeHandlerMethod(RequestMappingHandlerAdapter.java:895)
		at org.springframework.web.servlet.mvc.method.annotation.RequestMappingHandlerAdapter.handleInternal(RequestMappingHandlerAdapter.java:808)
		at org.springframework.web.servlet.mvc.method.AbstractHandlerMethodAdapter.handle(AbstractHandlerMethodAdapter.java:87)
		at org.springframework.web.servlet.DispatcherServlet.doDispatch(DispatcherServlet.java:1070)
		at org.springframework.web.servlet.DispatcherServlet.doService(DispatcherServlet.java:963)
		at org.springframework.web.servlet.FrameworkServlet.processRequest(FrameworkServlet.java:1006)
		at org.springframework.web.servlet.FrameworkServlet.doGet(FrameworkServlet.java:898)
		at javax.servlet.http.HttpServlet.service(HttpServlet.java:626)
		at org.springframework.web.servlet.FrameworkServlet.service(FrameworkServlet.java:883)
		at javax.servlet.http.HttpServlet.service(HttpServlet.java:733)
		at org.apache.catalina.core.ApplicationFilterChain.internalDoFilter(ApplicationFilterChain.java:227)
		at org.apache.catalina.core.ApplicationFilterChain.doFilter(ApplicationFilterChain.java:162)
		at org.apache.tomcat.websocket.server.WsFilter.doFilter(WsFilter.java:53)
		at org.apache.catalina.core.ApplicationFilterChain.internalDoFilter(ApplicationFilterChain.java:189)
		at org.apache.catalina.core.ApplicationFilterChain.doFilter(ApplicationFilterChain.java:162)
		at org.apache.catalina.core.StandardWrapperValve.invoke(StandardWrapperValve.java:202)
		at org.apache.catalina.core.StandardContextValve.invoke(StandardContextValve.java:97)
		at org.apache.catalina.authenticator.AuthenticatorBase.invoke(AuthenticatorBase.java:542)
		at org.apache.catalina.core.StandardHostValve.invoke(StandardHostValve.java:143)
		at org.apache.catalina.valves.ErrorReportValve.invoke(ErrorReportValve.java:92)
		at org.apache.catalina.valves.AbstractAccessLogValve.invoke(AbstractAccessLogValve.java:687)
		at org.apache.catalina.core.StandardEngineValve.invoke(StandardEngineValve.java:78)
		at org.apache.catalina.connector.CoyoteAdapter.service(CoyoteAdapter.java:357)
		at org.apache.coyote.http11.Http11Processor.service(Http11Processor.java:374)
		at org.apache.coyote.AbstractProcessorLight.process(AbstractProcessorLight.java:65)
		at org.apache.coyote.AbstractProtocol$ConnectionHandler.process(AbstractProtocol.java:893)
		at org.apache.tomcat.util.net.NioEndpoint$SocketProcessor.doRun(NioEndpoint.java:1707)
		at org.apache.tomcat.util.net.SocketProcessorBase.run(SocketProcessorBase.java:49)
		at java.util.concurrent.ThreadPoolExecutor.runWorker(ThreadPoolExecutor.java:1149)
		at java.util.concurrent.ThreadPoolExecutor$Worker.run(ThreadPoolExecutor.java:624)
		at org.apache.tomcat.util.threads.TaskThread$WrappingRunnable.run(TaskThread.java:61)
		at java.lang.Thread.run(Thread.java:748)
21-Aug-2022 11:17:51.781 严重 [http-nio-8080-exec-9] org.apache.catalina.core.StandardWrapperValve.invoke 在路径为/cdn_war的上下文中，Servlet[cdn]的Servlet.service（）引发了具有根本原因的异常Request processing failed; nested exception is org.mybatis.spring.MyBatisSystemException: nested exception is org.apache.ibatis.exceptions.PersistenceException: 
### Error querying database.  Cause: redis.clients.jedis.exceptions.JedisConnectionException: Could not get a resource from the pool
### Cause: redis.clients.jedis.exceptions.JedisConnectionException: Could not get a resource from the pool
	java.net.ConnectException: Connection refused: connect
		at java.net.DualStackPlainSocketImpl.waitForConnect(Native Method)
		at java.net.DualStackPlainSocketImpl.socketConnect(DualStackPlainSocketImpl.java:85)
		at java.net.AbstractPlainSocketImpl.doConnect(AbstractPlainSocketImpl.java:350)
		at java.net.AbstractPlainSocketImpl.connectToAddress(AbstractPlainSocketImpl.java:206)
		at java.net.AbstractPlainSocketImpl.connect(AbstractPlainSocketImpl.java:188)
		at java.net.PlainSocketImpl.connect(PlainSocketImpl.java:172)
		at java.net.SocksSocketImpl.connect(SocksSocketImpl.java:392)
		at java.net.Socket.connect(Socket.java:589)
		at redis.clients.jedis.Connection.connect(Connection.java:158)
		at redis.clients.jedis.BinaryClient.connect(BinaryClient.java:80)
		at redis.clients.jedis.BinaryJedis.connect(BinaryJedis.java:1676)
		at redis.clients.jedis.JedisFactory.makeObject(JedisFactory.java:87)
		at org.apache.commons.pool2.impl.GenericObjectPool.create(GenericObjectPool.java:565)
		at org.apache.commons.pool2.impl.GenericObjectPool.borrowObject(GenericObjectPool.java:307)
		at org.apache.commons.pool2.impl.GenericObjectPool.borrowObject(GenericObjectPool.java:428)
		at org.apache.commons.pool2.impl.GenericObjectPool.borrowObject(GenericObjectPool.java:232)
		at redis.clients.util.Pool.getResource(Pool.java:48)
		at redis.clients.jedis.JedisPool.getResource(JedisPool.java:99)
		at org.mybatis.caches.redis.RedisCache.execute(RedisCache.java:51)
		at org.mybatis.caches.redis.RedisCache.getObject(RedisCache.java:88)
		at org.apache.ibatis.cache.decorators.LoggingCache.getObject(LoggingCache.java:55)
		at org.apache.ibatis.cache.decorators.TransactionalCache.getObject(TransactionalCache.java:67)
		at org.apache.ibatis.cache.TransactionalCacheManager.getObject(TransactionalCacheManager.java:36)
		at org.apache.ibatis.executor.CachingExecutor.query(CachingExecutor.java:101)
		at org.apache.ibatis.executor.CachingExecutor.query(CachingExecutor.java:89)
		at org.apache.ibatis.session.defaults.DefaultSqlSession.selectList(DefaultSqlSession.java:151)
		at org.apache.ibatis.session.defaults.DefaultSqlSession.selectList(DefaultSqlSession.java:145)
		at org.apache.ibatis.session.defaults.DefaultSqlSession.selectList(DefaultSqlSession.java:140)
		at sun.reflect.NativeMethodAccessorImpl.invoke0(Native Method)
		at sun.reflect.NativeMethodAccessorImpl.invoke(NativeMethodAccessorImpl.java:62)
		at sun.reflect.DelegatingMethodAccessorImpl.invoke(DelegatingMethodAccessorImpl.java:43)
		at java.lang.reflect.Method.invoke(Method.java:498)
		at org.mybatis.spring.SqlSessionTemplate$SqlSessionInterceptor.invoke(SqlSessionTemplate.java:427)
		at com.sun.proxy.$Proxy42.selectList(Unknown Source)
		at org.mybatis.spring.SqlSessionTemplate.selectList(SqlSessionTemplate.java:224)
		at org.apache.ibatis.binding.MapperMethod.executeForMany(MapperMethod.java:147)
		at org.apache.ibatis.binding.MapperMethod.execute(MapperMethod.java:80)
		at org.apache.ibatis.binding.MapperProxy$PlainMethodInvoker.invoke(MapperProxy.java:145)
		at org.apache.ibatis.binding.MapperProxy.invoke(MapperProxy.java:86)
		at com.sun.proxy.$Proxy46.find(Unknown Source)
		at service.impl.TPnameTrafficsServiceImpl.find(TPnameTrafficsServiceImpl.java:80)
		at service.impl.TPnameTrafficsServiceImpl$$FastClassBySpringCGLIB$$de352003.invoke(<generated>)
		at org.springframework.cglib.proxy.MethodProxy.invoke(MethodProxy.java:218)
		at org.springframework.aop.framework.CglibAopProxy$CglibMethodInvocation.invokeJoinpoint(CglibAopProxy.java:793)
		at org.springframework.aop.framework.ReflectiveMethodInvocation.proceed(ReflectiveMethodInvocation.java:163)
		at org.springframework.aop.framework.CglibAopProxy$CglibMethodInvocation.proceed(CglibAopProxy.java:763)
		at org.springframework.transaction.interceptor.TransactionInterceptor$1.proceedWithInvocation(TransactionInterceptor.java:123)
		at org.springframework.transaction.interceptor.TransactionAspectSupport.invokeWithinTransaction(TransactionAspectSupport.java:388)
		at org.springframework.transaction.interceptor.TransactionInterceptor.invoke(TransactionInterceptor.java:119)
		at org.springframework.aop.framework.ReflectiveMethodInvocation.proceed(ReflectiveMethodInvocation.java:186)
		at org.springframework.aop.framework.CglibAopProxy$CglibMethodInvocation.proceed(CglibAopProxy.java:763)
		at org.springframework.aop.framework.CglibAopProxy$DynamicAdvisedInterceptor.intercept(CglibAopProxy.java:708)
		at service.impl.TPnameTrafficsServiceImpl$$EnhancerBySpringCGLIB$$a8efa559.find(<generated>)
		at controller.TPnameTrafficsController.list(TPnameTrafficsController.java:40)
		at sun.reflect.NativeMethodAccessorImpl.invoke0(Native Method)
		at sun.reflect.NativeMethodAccessorImpl.invoke(NativeMethodAccessorImpl.java:62)
		at sun.reflect.DelegatingMethodAccessorImpl.invoke(DelegatingMethodAccessorImpl.java:43)
		at java.lang.reflect.Method.invoke(Method.java:498)
		at org.springframework.web.method.support.InvocableHandlerMethod.doInvoke(InvocableHandlerMethod.java:205)
		at org.springframework.web.method.support.InvocableHandlerMethod.invokeForRequest(InvocableHandlerMethod.java:150)
		at org.springframework.web.servlet.mvc.method.annotation.ServletInvocableHandlerMethod.invokeAndHandle(ServletInvocableHandlerMethod.java:117)
		at org.springframework.web.servlet.mvc.method.annotation.RequestMappingHandlerAdapter.invokeHandlerMethod(RequestMappingHandlerAdapter.java:895)
		at org.springframework.web.servlet.mvc.method.annotation.RequestMappingHandlerAdapter.handleInternal(RequestMappingHandlerAdapter.java:808)
		at org.springframework.web.servlet.mvc.method.AbstractHandlerMethodAdapter.handle(AbstractHandlerMethodAdapter.java:87)
		at org.springframework.web.servlet.DispatcherServlet.doDispatch(DispatcherServlet.java:1070)
		at org.springframework.web.servlet.DispatcherServlet.doService(DispatcherServlet.java:963)
		at org.springframework.web.servlet.FrameworkServlet.processRequest(FrameworkServlet.java:1006)
		at org.springframework.web.servlet.FrameworkServlet.doGet(FrameworkServlet.java:898)
		at javax.servlet.http.HttpServlet.service(HttpServlet.java:626)
		at org.springframework.web.servlet.FrameworkServlet.service(FrameworkServlet.java:883)
		at javax.servlet.http.HttpServlet.service(HttpServlet.java:733)
		at org.apache.catalina.core.ApplicationFilterChain.internalDoFilter(ApplicationFilterChain.java:227)
		at org.apache.catalina.core.ApplicationFilterChain.doFilter(ApplicationFilterChain.java:162)
		at org.apache.tomcat.websocket.server.WsFilter.doFilter(WsFilter.java:53)
		at org.apache.catalina.core.ApplicationFilterChain.internalDoFilter(ApplicationFilterChain.java:189)
		at org.apache.catalina.core.ApplicationFilterChain.doFilter(ApplicationFilterChain.java:162)
		at org.apache.catalina.core.StandardWrapperValve.invoke(StandardWrapperValve.java:202)
		at org.apache.catalina.core.StandardContextValve.invoke(StandardContextValve.java:97)
		at org.apache.catalina.authenticator.AuthenticatorBase.invoke(AuthenticatorBase.java:542)
		at org.apache.catalina.core.StandardHostValve.invoke(StandardHostValve.java:143)
		at org.apache.catalina.valves.ErrorReportValve.invoke(ErrorReportValve.java:92)
		at org.apache.catalina.valves.AbstractAccessLogValve.invoke(AbstractAccessLogValve.java:687)
		at org.apache.catalina.core.StandardEngineValve.invoke(StandardEngineValve.java:78)
		at org.apache.catalina.connector.CoyoteAdapter.service(CoyoteAdapter.java:357)
		at org.apache.coyote.http11.Http11Processor.service(Http11Processor.java:374)
		at org.apache.coyote.AbstractProcessorLight.process(AbstractProcessorLight.java:65)
		at org.apache.coyote.AbstractProtocol$ConnectionHandler.process(AbstractProtocol.java:893)
		at org.apache.tomcat.util.net.NioEndpoint$SocketProcessor.doRun(NioEndpoint.java:1707)
		at org.apache.tomcat.util.net.SocketProcessorBase.run(SocketProcessorBase.java:49)
		at java.util.concurrent.ThreadPoolExecutor.runWorker(ThreadPoolExecutor.java:1149)
		at java.util.concurrent.ThreadPoolExecutor$Worker.run(ThreadPoolExecutor.java:624)
		at org.apache.tomcat.util.threads.TaskThread$WrappingRunnable.run(TaskThread.java:61)
		at java.lang.Thread.run(Thread.java:748)
21-Aug-2022 11:17:57.979 严重 [http-nio-8080-exec-8] org.apache.catalina.core.StandardWrapperValve.invoke 在路径为/cdn_war的上下文中，Servlet[cdn]的Servlet.service（）引发了具有根本原因的异常Request processing failed; nested exception is org.mybatis.spring.MyBatisSystemException: nested exception is org.apache.ibatis.exceptions.PersistenceException: 
### Error querying database.  Cause: redis.clients.jedis.exceptions.JedisConnectionException: Could not get a resource from the pool
### Cause: redis.clients.jedis.exceptions.JedisConnectionException: Could not get a resource from the pool
	java.net.ConnectException: Connection refused: connect
		at java.net.DualStackPlainSocketImpl.waitForConnect(Native Method)
		at java.net.DualStackPlainSocketImpl.socketConnect(DualStackPlainSocketImpl.java:85)
		at java.net.AbstractPlainSocketImpl.doConnect(AbstractPlainSocketImpl.java:350)
		at java.net.AbstractPlainSocketImpl.connectToAddress(AbstractPlainSocketImpl.java:206)
		at java.net.AbstractPlainSocketImpl.connect(AbstractPlainSocketImpl.java:188)
		at java.net.PlainSocketImpl.connect(PlainSocketImpl.java:172)
		at java.net.SocksSocketImpl.connect(SocksSocketImpl.java:392)
		at java.net.Socket.connect(Socket.java:589)
		at redis.clients.jedis.Connection.connect(Connection.java:158)
		at redis.clients.jedis.BinaryClient.connect(BinaryClient.java:80)
		at redis.clients.jedis.BinaryJedis.connect(BinaryJedis.java:1676)
		at redis.clients.jedis.JedisFactory.makeObject(JedisFactory.java:87)
		at org.apache.commons.pool2.impl.GenericObjectPool.create(GenericObjectPool.java:565)
		at org.apache.commons.pool2.impl.GenericObjectPool.borrowObject(GenericObjectPool.java:307)
		at org.apache.commons.pool2.impl.GenericObjectPool.borrowObject(GenericObjectPool.java:428)
		at org.apache.commons.pool2.impl.GenericObjectPool.borrowObject(GenericObjectPool.java:232)
		at redis.clients.util.Pool.getResource(Pool.java:48)
		at redis.clients.jedis.JedisPool.getResource(JedisPool.java:99)
		at org.mybatis.caches.redis.RedisCache.execute(RedisCache.java:51)
		at org.mybatis.caches.redis.RedisCache.getObject(RedisCache.java:88)
		at org.apache.ibatis.cache.decorators.LoggingCache.getObject(LoggingCache.java:55)
		at org.apache.ibatis.cache.decorators.TransactionalCache.getObject(TransactionalCache.java:67)
		at org.apache.ibatis.cache.TransactionalCacheManager.getObject(TransactionalCacheManager.java:36)
		at org.apache.ibatis.executor.CachingExecutor.query(CachingExecutor.java:101)
		at org.apache.ibatis.executor.CachingExecutor.query(CachingExecutor.java:89)
		at org.apache.ibatis.session.defaults.DefaultSqlSession.selectList(DefaultSqlSession.java:151)
		at org.apache.ibatis.session.defaults.DefaultSqlSession.selectList(DefaultSqlSession.java:145)
		at org.apache.ibatis.session.defaults.DefaultSqlSession.selectList(DefaultSqlSession.java:140)
		at sun.reflect.NativeMethodAccessorImpl.invoke0(Native Method)
		at sun.reflect.NativeMethodAccessorImpl.invoke(NativeMethodAccessorImpl.java:62)
		at sun.reflect.DelegatingMethodAccessorImpl.invoke(DelegatingMethodAccessorImpl.java:43)
		at java.lang.reflect.Method.invoke(Method.java:498)
		at org.mybatis.spring.SqlSessionTemplate$SqlSessionInterceptor.invoke(SqlSessionTemplate.java:427)
		at com.sun.proxy.$Proxy42.selectList(Unknown Source)
		at org.mybatis.spring.SqlSessionTemplate.selectList(SqlSessionTemplate.java:224)
		at org.apache.ibatis.binding.MapperMethod.executeForMany(MapperMethod.java:147)
		at org.apache.ibatis.binding.MapperMethod.execute(MapperMethod.java:80)
		at org.apache.ibatis.binding.MapperProxy$PlainMethodInvoker.invoke(MapperProxy.java:145)
		at org.apache.ibatis.binding.MapperProxy.invoke(MapperProxy.java:86)
		at com.sun.proxy.$Proxy46.findx(Unknown Source)
		at service.impl.TPnameTrafficsServiceImpl.findx(TPnameTrafficsServiceImpl.java:84)
		at service.impl.TPnameTrafficsServiceImpl$$FastClassBySpringCGLIB$$de352003.invoke(<generated>)
		at org.springframework.cglib.proxy.MethodProxy.invoke(MethodProxy.java:218)
		at org.springframework.aop.framework.CglibAopProxy$CglibMethodInvocation.invokeJoinpoint(CglibAopProxy.java:793)
		at org.springframework.aop.framework.ReflectiveMethodInvocation.proceed(ReflectiveMethodInvocation.java:163)
		at org.springframework.aop.framework.CglibAopProxy$CglibMethodInvocation.proceed(CglibAopProxy.java:763)
		at org.springframework.transaction.interceptor.TransactionInterceptor$1.proceedWithInvocation(TransactionInterceptor.java:123)
		at org.springframework.transaction.interceptor.TransactionAspectSupport.invokeWithinTransaction(TransactionAspectSupport.java:388)
		at org.springframework.transaction.interceptor.TransactionInterceptor.invoke(TransactionInterceptor.java:119)
		at org.springframework.aop.framework.ReflectiveMethodInvocation.proceed(ReflectiveMethodInvocation.java:186)
		at org.springframework.aop.framework.CglibAopProxy$CglibMethodInvocation.proceed(CglibAopProxy.java:763)
		at org.springframework.aop.framework.CglibAopProxy$DynamicAdvisedInterceptor.intercept(CglibAopProxy.java:708)
		at service.impl.TPnameTrafficsServiceImpl$$EnhancerBySpringCGLIB$$a8efa559.findx(<generated>)
		at controller.TPnameTrafficsController.list(TPnameTrafficsController.java:38)
		at sun.reflect.NativeMethodAccessorImpl.invoke0(Native Method)
		at sun.reflect.NativeMethodAccessorImpl.invoke(NativeMethodAccessorImpl.java:62)
		at sun.reflect.DelegatingMethodAccessorImpl.invoke(DelegatingMethodAccessorImpl.java:43)
		at java.lang.reflect.Method.invoke(Method.java:498)
		at org.springframework.web.method.support.InvocableHandlerMethod.doInvoke(InvocableHandlerMethod.java:205)
		at org.springframework.web.method.support.InvocableHandlerMethod.invokeForRequest(InvocableHandlerMethod.java:150)
		at org.springframework.web.servlet.mvc.method.annotation.ServletInvocableHandlerMethod.invokeAndHandle(ServletInvocableHandlerMethod.java:117)
		at org.springframework.web.servlet.mvc.method.annotation.RequestMappingHandlerAdapter.invokeHandlerMethod(RequestMappingHandlerAdapter.java:895)
		at org.springframework.web.servlet.mvc.method.annotation.RequestMappingHandlerAdapter.handleInternal(RequestMappingHandlerAdapter.java:808)
		at org.springframework.web.servlet.mvc.method.AbstractHandlerMethodAdapter.handle(AbstractHandlerMethodAdapter.java:87)
		at org.springframework.web.servlet.DispatcherServlet.doDispatch(DispatcherServlet.java:1070)
		at org.springframework.web.servlet.DispatcherServlet.doService(DispatcherServlet.java:963)
		at org.springframework.web.servlet.FrameworkServlet.processRequest(FrameworkServlet.java:1006)
		at org.springframework.web.servlet.FrameworkServlet.doGet(FrameworkServlet.java:898)
		at javax.servlet.http.HttpServlet.service(HttpServlet.java:626)
		at org.springframework.web.servlet.FrameworkServlet.service(FrameworkServlet.java:883)
		at javax.servlet.http.HttpServlet.service(HttpServlet.java:733)
		at org.apache.catalina.core.ApplicationFilterChain.internalDoFilter(ApplicationFilterChain.java:227)
		at org.apache.catalina.core.ApplicationFilterChain.doFilter(ApplicationFilterChain.java:162)
		at org.apache.tomcat.websocket.server.WsFilter.doFilter(WsFilter.java:53)
		at org.apache.catalina.core.ApplicationFilterChain.internalDoFilter(ApplicationFilterChain.java:189)
		at org.apache.catalina.core.ApplicationFilterChain.doFilter(ApplicationFilterChain.java:162)
		at org.apache.catalina.core.StandardWrapperValve.invoke(StandardWrapperValve.java:202)
		at org.apache.catalina.core.StandardContextValve.invoke(StandardContextValve.java:97)
		at org.apache.catalina.authenticator.AuthenticatorBase.invoke(AuthenticatorBase.java:542)
		at org.apache.catalina.core.StandardHostValve.invoke(StandardHostValve.java:143)
		at org.apache.catalina.valves.ErrorReportValve.invoke(ErrorReportValve.java:92)
		at org.apache.catalina.valves.AbstractAccessLogValve.invoke(AbstractAccessLogValve.java:687)
		at org.apache.catalina.core.StandardEngineValve.invoke(StandardEngineValve.java:78)
		at org.apache.catalina.connector.CoyoteAdapter.service(CoyoteAdapter.java:357)
		at org.apache.coyote.http11.Http11Processor.service(Http11Processor.java:374)
		at org.apache.coyote.AbstractProcessorLight.process(AbstractProcessorLight.java:65)
		at org.apache.coyote.AbstractProtocol$ConnectionHandler.process(AbstractProtocol.java:893)
		at org.apache.tomcat.util.net.NioEndpoint$SocketProcessor.doRun(NioEndpoint.java:1707)
		at org.apache.tomcat.util.net.SocketProcessorBase.run(SocketProcessorBase.java:49)
		at java.util.concurrent.ThreadPoolExecutor.runWorker(ThreadPoolExecutor.java:1149)
		at java.util.concurrent.ThreadPoolExecutor$Worker.run(ThreadPoolExecutor.java:624)
		at org.apache.tomcat.util.threads.TaskThread$WrappingRunnable.run(TaskThread.java:61)
		at java.lang.Thread.run(Thread.java:748)
21-Aug-2022 11:18:22.918 严重 [http-nio-8080-exec-10] org.apache.catalina.core.StandardWrapperValve.invoke 在路径为/cdn_war的上下文中，Servlet[cdn]的Servlet.service（）引发了具有根本原因的异常Request processing failed; nested exception is org.mybatis.spring.MyBatisSystemException: nested exception is org.apache.ibatis.exceptions.PersistenceException: 
### Error querying database.  Cause: redis.clients.jedis.exceptions.JedisConnectionException: Could not get a resource from the pool
### Cause: redis.clients.jedis.exceptions.JedisConnectionException: Could not get a resource from the pool
	java.net.ConnectException: Connection refused: connect
		at java.net.DualStackPlainSocketImpl.waitForConnect(Native Method)
		at java.net.DualStackPlainSocketImpl.socketConnect(DualStackPlainSocketImpl.java:85)
		at java.net.AbstractPlainSocketImpl.doConnect(AbstractPlainSocketImpl.java:350)
		at java.net.AbstractPlainSocketImpl.connectToAddress(AbstractPlainSocketImpl.java:206)
		at java.net.AbstractPlainSocketImpl.connect(AbstractPlainSocketImpl.java:188)
		at java.net.PlainSocketImpl.connect(PlainSocketImpl.java:172)
		at java.net.SocksSocketImpl.connect(SocksSocketImpl.java:392)
		at java.net.Socket.connect(Socket.java:589)
		at redis.clients.jedis.Connection.connect(Connection.java:158)
		at redis.clients.jedis.BinaryClient.connect(BinaryClient.java:80)
		at redis.clients.jedis.BinaryJedis.connect(BinaryJedis.java:1676)
		at redis.clients.jedis.JedisFactory.makeObject(JedisFactory.java:87)
		at org.apache.commons.pool2.impl.GenericObjectPool.create(GenericObjectPool.java:565)
		at org.apache.commons.pool2.impl.GenericObjectPool.borrowObject(GenericObjectPool.java:307)
		at org.apache.commons.pool2.impl.GenericObjectPool.borrowObject(GenericObjectPool.java:428)
		at org.apache.commons.pool2.impl.GenericObjectPool.borrowObject(GenericObjectPool.java:232)
		at redis.clients.util.Pool.getResource(Pool.java:48)
		at redis.clients.jedis.JedisPool.getResource(JedisPool.java:99)
		at org.mybatis.caches.redis.RedisCache.execute(RedisCache.java:51)
		at org.mybatis.caches.redis.RedisCache.getObject(RedisCache.java:88)
		at org.apache.ibatis.cache.decorators.LoggingCache.getObject(LoggingCache.java:55)
		at org.apache.ibatis.cache.decorators.TransactionalCache.getObject(TransactionalCache.java:67)
		at org.apache.ibatis.cache.TransactionalCacheManager.getObject(TransactionalCacheManager.java:36)
		at org.apache.ibatis.executor.CachingExecutor.query(CachingExecutor.java:101)
		at org.apache.ibatis.executor.CachingExecutor.query(CachingExecutor.java:89)
		at org.apache.ibatis.session.defaults.DefaultSqlSession.selectList(DefaultSqlSession.java:151)
		at org.apache.ibatis.session.defaults.DefaultSqlSession.selectList(DefaultSqlSession.java:145)
		at org.apache.ibatis.session.defaults.DefaultSqlSession.selectList(DefaultSqlSession.java:140)
		at sun.reflect.NativeMethodAccessorImpl.invoke0(Native Method)
		at sun.reflect.NativeMethodAccessorImpl.invoke(NativeMethodAccessorImpl.java:62)
		at sun.reflect.DelegatingMethodAccessorImpl.invoke(DelegatingMethodAccessorImpl.java:43)
		at java.lang.reflect.Method.invoke(Method.java:498)
		at org.mybatis.spring.SqlSessionTemplate$SqlSessionInterceptor.invoke(SqlSessionTemplate.java:427)
		at com.sun.proxy.$Proxy42.selectList(Unknown Source)
		at org.mybatis.spring.SqlSessionTemplate.selectList(SqlSessionTemplate.java:224)
		at org.apache.ibatis.binding.MapperMethod.executeForMany(MapperMethod.java:147)
		at org.apache.ibatis.binding.MapperMethod.execute(MapperMethod.java:80)
		at org.apache.ibatis.binding.MapperProxy$PlainMethodInvoker.invoke(MapperProxy.java:145)
		at org.apache.ibatis.binding.MapperProxy.invoke(MapperProxy.java:86)
		at com.sun.proxy.$Proxy48.findx(Unknown Source)
		at service.impl.TSpnameTrafficsServiceImpl.findx(TSpnameTrafficsServiceImpl.java:89)
		at controller.TSpnameTrafficsController.list(TSpnameTrafficsController.java:37)
		at sun.reflect.NativeMethodAccessorImpl.invoke0(Native Method)
		at sun.reflect.NativeMethodAccessorImpl.invoke(NativeMethodAccessorImpl.java:62)
		at sun.reflect.DelegatingMethodAccessorImpl.invoke(DelegatingMethodAccessorImpl.java:43)
		at java.lang.reflect.Method.invoke(Method.java:498)
		at org.springframework.web.method.support.InvocableHandlerMethod.doInvoke(InvocableHandlerMethod.java:205)
		at org.springframework.web.method.support.InvocableHandlerMethod.invokeForRequest(InvocableHandlerMethod.java:150)
		at org.springframework.web.servlet.mvc.method.annotation.ServletInvocableHandlerMethod.invokeAndHandle(ServletInvocableHandlerMethod.java:117)
		at org.springframework.web.servlet.mvc.method.annotation.RequestMappingHandlerAdapter.invokeHandlerMethod(RequestMappingHandlerAdapter.java:895)
		at org.springframework.web.servlet.mvc.method.annotation.RequestMappingHandlerAdapter.handleInternal(RequestMappingHandlerAdapter.java:808)
		at org.springframework.web.servlet.mvc.method.AbstractHandlerMethodAdapter.handle(AbstractHandlerMethodAdapter.java:87)
		at org.springframework.web.servlet.DispatcherServlet.doDispatch(DispatcherServlet.java:1070)
		at org.springframework.web.servlet.DispatcherServlet.doService(DispatcherServlet.java:963)
		at org.springframework.web.servlet.FrameworkServlet.processRequest(FrameworkServlet.java:1006)
		at org.springframework.web.servlet.FrameworkServlet.doGet(FrameworkServlet.java:898)
		at javax.servlet.http.HttpServlet.service(HttpServlet.java:626)
		at org.springframework.web.servlet.FrameworkServlet.service(FrameworkServlet.java:883)
		at javax.servlet.http.HttpServlet.service(HttpServlet.java:733)
		at org.apache.catalina.core.ApplicationFilterChain.internalDoFilter(ApplicationFilterChain.java:227)
		at org.apache.catalina.core.ApplicationFilterChain.doFilter(ApplicationFilterChain.java:162)
		at org.apache.tomcat.websocket.server.WsFilter.doFilter(WsFilter.java:53)
		at org.apache.catalina.core.ApplicationFilterChain.internalDoFilter(ApplicationFilterChain.java:189)
		at org.apache.catalina.core.ApplicationFilterChain.doFilter(ApplicationFilterChain.java:162)
		at org.apache.catalina.core.StandardWrapperValve.invoke(StandardWrapperValve.java:202)
		at org.apache.catalina.core.StandardContextValve.invoke(StandardContextValve.java:97)
		at org.apache.catalina.authenticator.AuthenticatorBase.invoke(AuthenticatorBase.java:542)
		at org.apache.catalina.core.StandardHostValve.invoke(StandardHostValve.java:143)
		at org.apache.catalina.valves.ErrorReportValve.invoke(ErrorReportValve.java:92)
		at org.apache.catalina.valves.AbstractAccessLogValve.invoke(AbstractAccessLogValve.java:687)
		at org.apache.catalina.core.StandardEngineValve.invoke(StandardEngineValve.java:78)
		at org.apache.catalina.connector.CoyoteAdapter.service(CoyoteAdapter.java:357)
		at org.apache.coyote.http11.Http11Processor.service(Http11Processor.java:374)
		at org.apache.coyote.AbstractProcessorLight.process(AbstractProcessorLight.java:65)
		at org.apache.coyote.AbstractProtocol$ConnectionHandler.process(AbstractProtocol.java:893)
		at org.apache.tomcat.util.net.NioEndpoint$SocketProcessor.doRun(NioEndpoint.java:1707)
		at org.apache.tomcat.util.net.SocketProcessorBase.run(SocketProcessorBase.java:49)
		at java.util.concurrent.ThreadPoolExecutor.runWorker(ThreadPoolExecutor.java:1149)
		at java.util.concurrent.ThreadPoolExecutor$Worker.run(ThreadPoolExecutor.java:624)
		at org.apache.tomcat.util.threads.TaskThread$WrappingRunnable.run(TaskThread.java:61)
		at java.lang.Thread.run(Thread.java:748)
21-Aug-2022 11:18:30.825 严重 [http-nio-8080-exec-1] org.apache.catalina.core.StandardWrapperValve.invoke 在路径为/cdn_war的上下文中，Servlet[cdn]的Servlet.service（）引发了具有根本原因的异常Request processing failed; nested exception is org.mybatis.spring.MyBatisSystemException: nested exception is org.apache.ibatis.exceptions.PersistenceException: 
### Error querying database.  Cause: redis.clients.jedis.exceptions.JedisConnectionException: Could not get a resource from the pool
### Cause: redis.clients.jedis.exceptions.JedisConnectionException: Could not get a resource from the pool
	java.net.ConnectException: Connection refused: connect
		at java.net.DualStackPlainSocketImpl.waitForConnect(Native Method)
		at java.net.DualStackPlainSocketImpl.socketConnect(DualStackPlainSocketImpl.java:85)
		at java.net.AbstractPlainSocketImpl.doConnect(AbstractPlainSocketImpl.java:350)
		at java.net.AbstractPlainSocketImpl.connectToAddress(AbstractPlainSocketImpl.java:206)
		at java.net.AbstractPlainSocketImpl.connect(AbstractPlainSocketImpl.java:188)
		at java.net.PlainSocketImpl.connect(PlainSocketImpl.java:172)
		at java.net.SocksSocketImpl.connect(SocksSocketImpl.java:392)
		at java.net.Socket.connect(Socket.java:589)
		at redis.clients.jedis.Connection.connect(Connection.java:158)
		at redis.clients.jedis.BinaryClient.connect(BinaryClient.java:80)
		at redis.clients.jedis.BinaryJedis.connect(BinaryJedis.java:1676)
		at redis.clients.jedis.JedisFactory.makeObject(JedisFactory.java:87)
		at org.apache.commons.pool2.impl.GenericObjectPool.create(GenericObjectPool.java:565)
		at org.apache.commons.pool2.impl.GenericObjectPool.borrowObject(GenericObjectPool.java:307)
		at org.apache.commons.pool2.impl.GenericObjectPool.borrowObject(GenericObjectPool.java:428)
		at org.apache.commons.pool2.impl.GenericObjectPool.borrowObject(GenericObjectPool.java:232)
		at redis.clients.util.Pool.getResource(Pool.java:48)
		at redis.clients.jedis.JedisPool.getResource(JedisPool.java:99)
		at org.mybatis.caches.redis.RedisCache.execute(RedisCache.java:51)
		at org.mybatis.caches.redis.RedisCache.getObject(RedisCache.java:88)
		at org.apache.ibatis.cache.decorators.LoggingCache.getObject(LoggingCache.java:55)
		at org.apache.ibatis.cache.decorators.TransactionalCache.getObject(TransactionalCache.java:67)
		at org.apache.ibatis.cache.TransactionalCacheManager.getObject(TransactionalCacheManager.java:36)
		at org.apache.ibatis.executor.CachingExecutor.query(CachingExecutor.java:101)
		at org.apache.ibatis.executor.CachingExecutor.query(CachingExecutor.java:89)
		at org.apache.ibatis.session.defaults.DefaultSqlSession.selectList(DefaultSqlSession.java:151)
		at org.apache.ibatis.session.defaults.DefaultSqlSession.selectList(DefaultSqlSession.java:145)
		at org.apache.ibatis.session.defaults.DefaultSqlSession.selectList(DefaultSqlSession.java:140)
		at sun.reflect.NativeMethodAccessorImpl.invoke0(Native Method)
		at sun.reflect.NativeMethodAccessorImpl.invoke(NativeMethodAccessorImpl.java:62)
		at sun.reflect.DelegatingMethodAccessorImpl.invoke(DelegatingMethodAccessorImpl.java:43)
		at java.lang.reflect.Method.invoke(Method.java:498)
		at org.mybatis.spring.SqlSessionTemplate$SqlSessionInterceptor.invoke(SqlSessionTemplate.java:427)
		at com.sun.proxy.$Proxy42.selectList(Unknown Source)
		at org.mybatis.spring.SqlSessionTemplate.selectList(SqlSessionTemplate.java:224)
		at org.apache.ibatis.binding.MapperMethod.executeForMany(MapperMethod.java:147)
		at org.apache.ibatis.binding.MapperMethod.execute(MapperMethod.java:80)
		at org.apache.ibatis.binding.MapperProxy$PlainMethodInvoker.invoke(MapperProxy.java:145)
		at org.apache.ibatis.binding.MapperProxy.invoke(MapperProxy.java:86)
		at com.sun.proxy.$Proxy48.findx(Unknown Source)
		at service.impl.TSpnameTrafficsServiceImpl.findx(TSpnameTrafficsServiceImpl.java:89)
		at controller.TSpnameTrafficsController.list(TSpnameTrafficsController.java:37)
		at sun.reflect.NativeMethodAccessorImpl.invoke0(Native Method)
		at sun.reflect.NativeMethodAccessorImpl.invoke(NativeMethodAccessorImpl.java:62)
		at sun.reflect.DelegatingMethodAccessorImpl.invoke(DelegatingMethodAccessorImpl.java:43)
		at java.lang.reflect.Method.invoke(Method.java:498)
		at org.springframework.web.method.support.InvocableHandlerMethod.doInvoke(InvocableHandlerMethod.java:205)
		at org.springframework.web.method.support.InvocableHandlerMethod.invokeForRequest(InvocableHandlerMethod.java:150)
		at org.springframework.web.servlet.mvc.method.annotation.ServletInvocableHandlerMethod.invokeAndHandle(ServletInvocableHandlerMethod.java:117)
		at org.springframework.web.servlet.mvc.method.annotation.RequestMappingHandlerAdapter.invokeHandlerMethod(RequestMappingHandlerAdapter.java:895)
		at org.springframework.web.servlet.mvc.method.annotation.RequestMappingHandlerAdapter.handleInternal(RequestMappingHandlerAdapter.java:808)
		at org.springframework.web.servlet.mvc.method.AbstractHandlerMethodAdapter.handle(AbstractHandlerMethodAdapter.java:87)
		at org.springframework.web.servlet.DispatcherServlet.doDispatch(DispatcherServlet.java:1070)
		at org.springframework.web.servlet.DispatcherServlet.doService(DispatcherServlet.java:963)
		at org.springframework.web.servlet.FrameworkServlet.processRequest(FrameworkServlet.java:1006)
		at org.springframework.web.servlet.FrameworkServlet.doGet(FrameworkServlet.java:898)
		at javax.servlet.http.HttpServlet.service(HttpServlet.java:626)
		at org.springframework.web.servlet.FrameworkServlet.service(FrameworkServlet.java:883)
		at javax.servlet.http.HttpServlet.service(HttpServlet.java:733)
		at org.apache.catalina.core.ApplicationFilterChain.internalDoFilter(ApplicationFilterChain.java:227)
		at org.apache.catalina.core.ApplicationFilterChain.doFilter(ApplicationFilterChain.java:162)
		at org.apache.tomcat.websocket.server.WsFilter.doFilter(WsFilter.java:53)
		at org.apache.catalina.core.ApplicationFilterChain.internalDoFilter(ApplicationFilterChain.java:189)
		at org.apache.catalina.core.ApplicationFilterChain.doFilter(ApplicationFilterChain.java:162)
		at org.apache.catalina.core.StandardWrapperValve.invoke(StandardWrapperValve.java:202)
		at org.apache.catalina.core.StandardContextValve.invoke(StandardContextValve.java:97)
		at org.apache.catalina.authenticator.AuthenticatorBase.invoke(AuthenticatorBase.java:542)
		at org.apache.catalina.core.StandardHostValve.invoke(StandardHostValve.java:143)
		at org.apache.catalina.valves.ErrorReportValve.invoke(ErrorReportValve.java:92)
		at org.apache.catalina.valves.AbstractAccessLogValve.invoke(AbstractAccessLogValve.java:687)
		at org.apache.catalina.core.StandardEngineValve.invoke(StandardEngineValve.java:78)
		at org.apache.catalina.connector.CoyoteAdapter.service(CoyoteAdapter.java:357)
		at org.apache.coyote.http11.Http11Processor.service(Http11Processor.java:374)
		at org.apache.coyote.AbstractProcessorLight.process(AbstractProcessorLight.java:65)
		at org.apache.coyote.AbstractProtocol$ConnectionHandler.process(AbstractProtocol.java:893)
		at org.apache.tomcat.util.net.NioEndpoint$SocketProcessor.doRun(NioEndpoint.java:1707)
		at org.apache.tomcat.util.net.SocketProcessorBase.run(SocketProcessorBase.java:49)
		at java.util.concurrent.ThreadPoolExecutor.runWorker(ThreadPoolExecutor.java:1149)
		at java.util.concurrent.ThreadPoolExecutor$Worker.run(ThreadPoolExecutor.java:624)
		at org.apache.tomcat.util.threads.TaskThread$WrappingRunnable.run(TaskThread.java:61)
		at java.lang.Thread.run(Thread.java:748)
21-Aug-2022 11:20:37.929 严重 [http-nio-8080-exec-8] org.apache.catalina.core.StandardWrapperValve.invoke 在路径为/cdn_war的上下文中，Servlet[cdn]的Servlet.service（）引发了具有根本原因的异常Request processing failed; nested exception is org.mybatis.spring.MyBatisSystemException: nested exception is org.apache.ibatis.exceptions.PersistenceException: 
### Error querying database.  Cause: redis.clients.jedis.exceptions.JedisConnectionException: Could not get a resource from the pool
### Cause: redis.clients.jedis.exceptions.JedisConnectionException: Could not get a resource from the pool
	java.net.ConnectException: Connection refused: connect
		at java.net.DualStackPlainSocketImpl.waitForConnect(Native Method)
		at java.net.DualStackPlainSocketImpl.socketConnect(DualStackPlainSocketImpl.java:85)
		at java.net.AbstractPlainSocketImpl.doConnect(AbstractPlainSocketImpl.java:350)
		at java.net.AbstractPlainSocketImpl.connectToAddress(AbstractPlainSocketImpl.java:206)
		at java.net.AbstractPlainSocketImpl.connect(AbstractPlainSocketImpl.java:188)
		at java.net.PlainSocketImpl.connect(PlainSocketImpl.java:172)
		at java.net.SocksSocketImpl.connect(SocksSocketImpl.java:392)
		at java.net.Socket.connect(Socket.java:589)
		at redis.clients.jedis.Connection.connect(Connection.java:158)
		at redis.clients.jedis.BinaryClient.connect(BinaryClient.java:80)
		at redis.clients.jedis.BinaryJedis.connect(BinaryJedis.java:1676)
		at redis.clients.jedis.JedisFactory.makeObject(JedisFactory.java:87)
		at org.apache.commons.pool2.impl.GenericObjectPool.create(GenericObjectPool.java:565)
		at org.apache.commons.pool2.impl.GenericObjectPool.borrowObject(GenericObjectPool.java:307)
		at org.apache.commons.pool2.impl.GenericObjectPool.borrowObject(GenericObjectPool.java:428)
		at org.apache.commons.pool2.impl.GenericObjectPool.borrowObject(GenericObjectPool.java:232)
		at redis.clients.util.Pool.getResource(Pool.java:48)
		at redis.clients.jedis.JedisPool.getResource(JedisPool.java:99)
		at org.mybatis.caches.redis.RedisCache.execute(RedisCache.java:51)
		at org.mybatis.caches.redis.RedisCache.getObject(RedisCache.java:88)
		at org.apache.ibatis.cache.decorators.LoggingCache.getObject(LoggingCache.java:55)
		at org.apache.ibatis.cache.decorators.TransactionalCache.getObject(TransactionalCache.java:67)
		at org.apache.ibatis.cache.TransactionalCacheManager.getObject(TransactionalCacheManager.java:36)
		at org.apache.ibatis.executor.CachingExecutor.query(CachingExecutor.java:101)
		at org.apache.ibatis.executor.CachingExecutor.query(CachingExecutor.java:89)
		at org.apache.ibatis.session.defaults.DefaultSqlSession.selectList(DefaultSqlSession.java:151)
		at org.apache.ibatis.session.defaults.DefaultSqlSession.selectList(DefaultSqlSession.java:145)
		at org.apache.ibatis.session.defaults.DefaultSqlSession.selectList(DefaultSqlSession.java:140)
		at sun.reflect.NativeMethodAccessorImpl.invoke0(Native Method)
		at sun.reflect.NativeMethodAccessorImpl.invoke(NativeMethodAccessorImpl.java:62)
		at sun.reflect.DelegatingMethodAccessorImpl.invoke(DelegatingMethodAccessorImpl.java:43)
		at java.lang.reflect.Method.invoke(Method.java:498)
		at org.mybatis.spring.SqlSessionTemplate$SqlSessionInterceptor.invoke(SqlSessionTemplate.java:427)
		at com.sun.proxy.$Proxy42.selectList(Unknown Source)
		at org.mybatis.spring.SqlSessionTemplate.selectList(SqlSessionTemplate.java:224)
		at org.apache.ibatis.binding.MapperMethod.executeForMany(MapperMethod.java:147)
		at org.apache.ibatis.binding.MapperMethod.execute(MapperMethod.java:80)
		at org.apache.ibatis.binding.MapperProxy$PlainMethodInvoker.invoke(MapperProxy.java:145)
		at org.apache.ibatis.binding.MapperProxy.invoke(MapperProxy.java:86)
		at com.sun.proxy.$Proxy46.find(Unknown Source)
		at service.impl.TPnameTrafficsServiceImpl.find(TPnameTrafficsServiceImpl.java:80)
		at service.impl.TPnameTrafficsServiceImpl$$FastClassBySpringCGLIB$$de352003.invoke(<generated>)
		at org.springframework.cglib.proxy.MethodProxy.invoke(MethodProxy.java:218)
		at org.springframework.aop.framework.CglibAopProxy$CglibMethodInvocation.invokeJoinpoint(CglibAopProxy.java:793)
		at org.springframework.aop.framework.ReflectiveMethodInvocation.proceed(ReflectiveMethodInvocation.java:163)
		at org.springframework.aop.framework.CglibAopProxy$CglibMethodInvocation.proceed(CglibAopProxy.java:763)
		at org.springframework.transaction.interceptor.TransactionInterceptor$1.proceedWithInvocation(TransactionInterceptor.java:123)
		at org.springframework.transaction.interceptor.TransactionAspectSupport.invokeWithinTransaction(TransactionAspectSupport.java:388)
		at org.springframework.transaction.interceptor.TransactionInterceptor.invoke(TransactionInterceptor.java:119)
		at org.springframework.aop.framework.ReflectiveMethodInvocation.proceed(ReflectiveMethodInvocation.java:186)
		at org.springframework.aop.framework.CglibAopProxy$CglibMethodInvocation.proceed(CglibAopProxy.java:763)
		at org.springframework.aop.framework.CglibAopProxy$DynamicAdvisedInterceptor.intercept(CglibAopProxy.java:708)
		at service.impl.TPnameTrafficsServiceImpl$$EnhancerBySpringCGLIB$$a8efa559.find(<generated>)
		at controller.TPnameTrafficsController.list(TPnameTrafficsController.java:40)
		at sun.reflect.NativeMethodAccessorImpl.invoke0(Native Method)
		at sun.reflect.NativeMethodAccessorImpl.invoke(NativeMethodAccessorImpl.java:62)
		at sun.reflect.DelegatingMethodAccessorImpl.invoke(DelegatingMethodAccessorImpl.java:43)
		at java.lang.reflect.Method.invoke(Method.java:498)
		at org.springframework.web.method.support.InvocableHandlerMethod.doInvoke(InvocableHandlerMethod.java:205)
		at org.springframework.web.method.support.InvocableHandlerMethod.invokeForRequest(InvocableHandlerMethod.java:150)
		at org.springframework.web.servlet.mvc.method.annotation.ServletInvocableHandlerMethod.invokeAndHandle(ServletInvocableHandlerMethod.java:117)
		at org.springframework.web.servlet.mvc.method.annotation.RequestMappingHandlerAdapter.invokeHandlerMethod(RequestMappingHandlerAdapter.java:895)
		at org.springframework.web.servlet.mvc.method.annotation.RequestMappingHandlerAdapter.handleInternal(RequestMappingHandlerAdapter.java:808)
		at org.springframework.web.servlet.mvc.method.AbstractHandlerMethodAdapter.handle(AbstractHandlerMethodAdapter.java:87)
		at org.springframework.web.servlet.DispatcherServlet.doDispatch(DispatcherServlet.java:1070)
		at org.springframework.web.servlet.DispatcherServlet.doService(DispatcherServlet.java:963)
		at org.springframework.web.servlet.FrameworkServlet.processRequest(FrameworkServlet.java:1006)
		at org.springframework.web.servlet.FrameworkServlet.doGet(FrameworkServlet.java:898)
		at javax.servlet.http.HttpServlet.service(HttpServlet.java:626)
		at org.springframework.web.servlet.FrameworkServlet.service(FrameworkServlet.java:883)
		at javax.servlet.http.HttpServlet.service(HttpServlet.java:733)
		at org.apache.catalina.core.ApplicationFilterChain.internalDoFilter(ApplicationFilterChain.java:227)
		at org.apache.catalina.core.ApplicationFilterChain.doFilter(ApplicationFilterChain.java:162)
		at org.apache.tomcat.websocket.server.WsFilter.doFilter(WsFilter.java:53)
		at org.apache.catalina.core.ApplicationFilterChain.internalDoFilter(ApplicationFilterChain.java:189)
		at org.apache.catalina.core.ApplicationFilterChain.doFilter(ApplicationFilterChain.java:162)
		at org.apache.catalina.core.StandardWrapperValve.invoke(StandardWrapperValve.java:202)
		at org.apache.catalina.core.StandardContextValve.invoke(StandardContextValve.java:97)
		at org.apache.catalina.authenticator.AuthenticatorBase.invoke(AuthenticatorBase.java:542)
		at org.apache.catalina.core.StandardHostValve.invoke(StandardHostValve.java:143)
		at org.apache.catalina.valves.ErrorReportValve.invoke(ErrorReportValve.java:92)
		at org.apache.catalina.valves.AbstractAccessLogValve.invoke(AbstractAccessLogValve.java:687)
		at org.apache.catalina.core.StandardEngineValve.invoke(StandardEngineValve.java:78)
		at org.apache.catalina.connector.CoyoteAdapter.service(CoyoteAdapter.java:357)
		at org.apache.coyote.http11.Http11Processor.service(Http11Processor.java:374)
		at org.apache.coyote.AbstractProcessorLight.process(AbstractProcessorLight.java:65)
		at org.apache.coyote.AbstractProtocol$ConnectionHandler.process(AbstractProtocol.java:893)
		at org.apache.tomcat.util.net.NioEndpoint$SocketProcessor.doRun(NioEndpoint.java:1707)
		at org.apache.tomcat.util.net.SocketProcessorBase.run(SocketProcessorBase.java:49)
		at java.util.concurrent.ThreadPoolExecutor.runWorker(ThreadPoolExecutor.java:1149)
		at java.util.concurrent.ThreadPoolExecutor$Worker.run(ThreadPoolExecutor.java:624)
		at org.apache.tomcat.util.threads.TaskThread$WrappingRunnable.run(TaskThread.java:61)
		at java.lang.Thread.run(Thread.java:748)
21-Aug-2022 11:51:31.467 信息 [main] org.apache.catalina.core.ApplicationContext.log No Spring WebApplicationInitializer types detected on classpath
21-Aug-2022 11:51:31.505 信息 [main] org.apache.catalina.core.ApplicationContext.log Initializing Spring root WebApplicationContext
21-Aug-2022 11:51:33.936 信息 [main] org.apache.catalina.core.ApplicationContext.log Initializing Spring DispatcherServlet 'cdn'
21-Aug-2022 11:51:37.574 信息 [main] org.apache.catalina.core.ApplicationContext.log No Spring WebApplicationInitializer types detected on classpath
21-Aug-2022 11:51:37.599 信息 [main] org.apache.catalina.core.ApplicationContext.log Initializing Spring root WebApplicationContext
21-Aug-2022 11:51:39.375 信息 [main] org.apache.catalina.core.ApplicationContext.log Initializing Spring DispatcherServlet 'cdn'
21-Aug-2022 11:51:40.983 信息 [main] org.apache.catalina.core.ApplicationContext.log ContextListener: contextInitialized()
21-Aug-2022 11:51:40.983 信息 [main] org.apache.catalina.core.ApplicationContext.log SessionListener: contextInitialized()
21-Aug-2022 11:51:40.984 信息 [main] org.apache.catalina.core.ApplicationContext.log ContextListener: attributeAdded('StockTicker', 'async.Stockticker@576e46af')
21-Aug-2022 11:51:43.561 信息 [main] org.apache.catalina.core.ApplicationContext.log No Spring WebApplicationInitializer types detected on classpath
21-Aug-2022 11:51:43.582 信息 [main] org.apache.catalina.core.ApplicationContext.log Initializing Spring root WebApplicationContext
21-Aug-2022 11:51:47.880 信息 [main] org.apache.catalina.core.ApplicationContext.log No Spring WebApplicationInitializer types detected on classpath
21-Aug-2022 12:03:15.763 信息 [main] org.apache.catalina.core.ApplicationContext.log No Spring WebApplicationInitializer types detected on classpath
21-Aug-2022 12:03:15.785 信息 [main] org.apache.catalina.core.ApplicationContext.log Initializing Spring root WebApplicationContext
21-Aug-2022 12:03:18.130 信息 [main] org.apache.catalina.core.ApplicationContext.log Initializing Spring DispatcherServlet 'cdn'
21-Aug-2022 12:03:21.676 信息 [main] org.apache.catalina.core.ApplicationContext.log No Spring WebApplicationInitializer types detected on classpath
21-Aug-2022 12:03:21.700 信息 [main] org.apache.catalina.core.ApplicationContext.log Initializing Spring root WebApplicationContext
21-Aug-2022 12:03:23.457 信息 [main] org.apache.catalina.core.ApplicationContext.log Initializing Spring DispatcherServlet 'cdn'
21-Aug-2022 12:03:24.992 信息 [main] org.apache.catalina.core.ApplicationContext.log ContextListener: contextInitialized()
21-Aug-2022 12:03:24.992 信息 [main] org.apache.catalina.core.ApplicationContext.log SessionListener: contextInitialized()
21-Aug-2022 12:03:24.993 信息 [main] org.apache.catalina.core.ApplicationContext.log ContextListener: attributeAdded('StockTicker', 'async.Stockticker@77b7cc64')
21-Aug-2022 12:03:27.581 信息 [main] org.apache.catalina.core.ApplicationContext.log No Spring WebApplicationInitializer types detected on classpath
21-Aug-2022 12:03:27.595 信息 [main] org.apache.catalina.core.ApplicationContext.log Initializing Spring root WebApplicationContext
21-Aug-2022 12:03:31.640 信息 [main] org.apache.catalina.core.ApplicationContext.log No Spring WebApplicationInitializer types detected on classpath
21-Aug-2022 15:06:45.063 信息 [main] org.apache.catalina.core.ApplicationContext.log No Spring WebApplicationInitializer types detected on classpath
21-Aug-2022 15:06:45.084 信息 [main] org.apache.catalina.core.ApplicationContext.log Initializing Spring root WebApplicationContext
21-Aug-2022 15:06:47.206 信息 [main] org.apache.catalina.core.ApplicationContext.log Initializing Spring DispatcherServlet 'cdn'
21-Aug-2022 15:06:50.831 信息 [main] org.apache.catalina.core.ApplicationContext.log No Spring WebApplicationInitializer types detected on classpath
21-Aug-2022 15:06:50.856 信息 [main] org.apache.catalina.core.ApplicationContext.log Initializing Spring root WebApplicationContext
21-Aug-2022 15:06:52.614 信息 [main] org.apache.catalina.core.ApplicationContext.log Initializing Spring DispatcherServlet 'cdn'
21-Aug-2022 15:06:54.152 信息 [main] org.apache.catalina.core.ApplicationContext.log ContextListener: contextInitialized()
21-Aug-2022 15:06:54.152 信息 [main] org.apache.catalina.core.ApplicationContext.log SessionListener: contextInitialized()
21-Aug-2022 15:06:54.154 信息 [main] org.apache.catalina.core.ApplicationContext.log ContextListener: attributeAdded('StockTicker', 'async.Stockticker@299f0814')
21-Aug-2022 15:06:56.675 信息 [main] org.apache.catalina.core.ApplicationContext.log No Spring WebApplicationInitializer types detected on classpath
21-Aug-2022 15:06:56.694 信息 [main] org.apache.catalina.core.ApplicationContext.log Initializing Spring root WebApplicationContext
21-Aug-2022 15:07:00.697 信息 [main] org.apache.catalina.core.ApplicationContext.log No Spring WebApplicationInitializer types detected on classpath
21-Aug-2022 15:33:48.679 信息 [Thread-4] org.apache.catalina.core.ApplicationContext.log Closing Spring root WebApplicationContext
21-Aug-2022 15:33:48.890 信息 [Thread-4] org.apache.catalina.core.ApplicationContext.log SessionListener: contextDestroyed()
21-Aug-2022 15:33:48.890 信息 [Thread-4] org.apache.catalina.core.ApplicationContext.log ContextListener: contextDestroyed()
21-Aug-2022 15:33:48.901 信息 [Thread-4] org.apache.catalina.core.ApplicationContext.log Destroying Spring FrameworkServlet 'cdn'
21-Aug-2022 15:33:48.916 信息 [Thread-4] org.apache.catalina.core.ApplicationContext.log Closing Spring root WebApplicationContext
21-Aug-2022 15:33:49.000 信息 [Thread-4] org.apache.catalina.core.ApplicationContext.log Destroying Spring FrameworkServlet 'cdn'
21-Aug-2022 15:33:49.037 信息 [Thread-4] org.apache.catalina.core.ApplicationContext.log Closing Spring root WebApplicationContext
21-Aug-2022 15:33:56.440 信息 [main] org.apache.catalina.core.ApplicationContext.log No Spring WebApplicationInitializer types detected on classpath
21-Aug-2022 15:33:56.469 信息 [main] org.apache.catalina.core.ApplicationContext.log Initializing Spring root WebApplicationContext
21-Aug-2022 15:33:59.114 信息 [main] org.apache.catalina.core.ApplicationContext.log Initializing Spring DispatcherServlet 'cdn'
21-Aug-2022 15:34:03.170 信息 [main] org.apache.catalina.core.ApplicationContext.log No Spring WebApplicationInitializer types detected on classpath
21-Aug-2022 15:34:03.198 信息 [main] org.apache.catalina.core.ApplicationContext.log Initializing Spring root WebApplicationContext
21-Aug-2022 15:34:05.189 信息 [main] org.apache.catalina.core.ApplicationContext.log Initializing Spring DispatcherServlet 'cdn'
21-Aug-2022 15:34:06.666 信息 [main] org.apache.catalina.core.ApplicationContext.log ContextListener: contextInitialized()
21-Aug-2022 15:34:06.667 信息 [main] org.apache.catalina.core.ApplicationContext.log SessionListener: contextInitialized()
21-Aug-2022 15:34:06.669 信息 [main] org.apache.catalina.core.ApplicationContext.log ContextListener: attributeAdded('StockTicker', 'async.Stockticker@2ac05560')
21-Aug-2022 15:34:09.249 信息 [main] org.apache.catalina.core.ApplicationContext.log No Spring WebApplicationInitializer types detected on classpath
21-Aug-2022 15:34:09.267 信息 [main] org.apache.catalina.core.ApplicationContext.log Initializing Spring root WebApplicationContext
21-Aug-2022 15:34:13.336 信息 [main] org.apache.catalina.core.ApplicationContext.log No Spring WebApplicationInitializer types detected on classpath
21-Aug-2022 15:48:08.303 信息 [main] org.apache.catalina.core.ApplicationContext.log No Spring WebApplicationInitializer types detected on classpath
21-Aug-2022 15:48:08.326 信息 [main] org.apache.catalina.core.ApplicationContext.log Initializing Spring root WebApplicationContext
21-Aug-2022 15:48:10.411 信息 [main] org.apache.catalina.core.ApplicationContext.log Initializing Spring DispatcherServlet 'cdn'
21-Aug-2022 15:48:13.370 信息 [main] org.apache.catalina.core.ApplicationContext.log No Spring WebApplicationInitializer types detected on classpath
21-Aug-2022 15:48:13.393 信息 [main] org.apache.catalina.core.ApplicationContext.log Initializing Spring root WebApplicationContext
21-Aug-2022 15:48:15.034 信息 [main] org.apache.catalina.core.ApplicationContext.log Initializing Spring DispatcherServlet 'cdn'
21-Aug-2022 15:48:16.338 信息 [main] org.apache.catalina.core.ApplicationContext.log ContextListener: contextInitialized()
21-Aug-2022 15:48:16.339 信息 [main] org.apache.catalina.core.ApplicationContext.log SessionListener: contextInitialized()
21-Aug-2022 15:48:16.341 信息 [main] org.apache.catalina.core.ApplicationContext.log ContextListener: attributeAdded('StockTicker', 'async.Stockticker@576e46af')
21-Aug-2022 15:48:18.431 信息 [main] org.apache.catalina.core.ApplicationContext.log No Spring WebApplicationInitializer types detected on classpath
21-Aug-2022 15:48:18.447 信息 [main] org.apache.catalina.core.ApplicationContext.log Initializing Spring root WebApplicationContext
21-Aug-2022 15:48:21.891 信息 [main] org.apache.catalina.core.ApplicationContext.log No Spring WebApplicationInitializer types detected on classpath
21-Aug-2022 15:57:58.329 信息 [main] org.apache.catalina.core.ApplicationContext.log No Spring WebApplicationInitializer types detected on classpath
21-Aug-2022 15:57:58.356 信息 [main] org.apache.catalina.core.ApplicationContext.log Initializing Spring root WebApplicationContext
21-Aug-2022 15:58:00.516 信息 [main] org.apache.catalina.core.ApplicationContext.log Initializing Spring DispatcherServlet 'cdn'
21-Aug-2022 15:58:03.580 信息 [main] org.apache.catalina.core.ApplicationContext.log No Spring WebApplicationInitializer types detected on classpath
21-Aug-2022 15:58:03.605 信息 [main] org.apache.catalina.core.ApplicationContext.log Initializing Spring root WebApplicationContext
21-Aug-2022 15:58:05.271 信息 [main] org.apache.catalina.core.ApplicationContext.log Initializing Spring DispatcherServlet 'cdn'
21-Aug-2022 15:58:06.644 信息 [main] org.apache.catalina.core.ApplicationContext.log ContextListener: contextInitialized()
21-Aug-2022 15:58:06.644 信息 [main] org.apache.catalina.core.ApplicationContext.log SessionListener: contextInitialized()
21-Aug-2022 15:58:06.646 信息 [main] org.apache.catalina.core.ApplicationContext.log ContextListener: attributeAdded('StockTicker', 'async.Stockticker@77b7cc64')
21-Aug-2022 15:58:08.798 信息 [main] org.apache.catalina.core.ApplicationContext.log No Spring WebApplicationInitializer types detected on classpath
21-Aug-2022 15:58:08.817 信息 [main] org.apache.catalina.core.ApplicationContext.log Initializing Spring root WebApplicationContext
21-Aug-2022 15:58:12.592 信息 [main] org.apache.catalina.core.ApplicationContext.log No Spring WebApplicationInitializer types detected on classpath
21-Aug-2022 20:50:09.501 信息 [main] org.apache.catalina.core.ApplicationContext.log No Spring WebApplicationInitializer types detected on classpath
21-Aug-2022 20:50:09.535 信息 [main] org.apache.catalina.core.ApplicationContext.log Initializing Spring root WebApplicationContext
21-Aug-2022 20:50:11.715 信息 [main] org.apache.catalina.core.ApplicationContext.log Initializing Spring DispatcherServlet 'cdn'
21-Aug-2022 20:50:15.111 信息 [main] org.apache.catalina.core.ApplicationContext.log No Spring WebApplicationInitializer types detected on classpath
21-Aug-2022 20:50:15.131 信息 [main] org.apache.catalina.core.ApplicationContext.log Initializing Spring root WebApplicationContext
21-Aug-2022 20:50:16.874 信息 [main] org.apache.catalina.core.ApplicationContext.log Initializing Spring DispatcherServlet 'cdn'
21-Aug-2022 20:50:18.634 信息 [main] org.apache.catalina.core.ApplicationContext.log ContextListener: contextInitialized()
21-Aug-2022 20:50:18.635 信息 [main] org.apache.catalina.core.ApplicationContext.log SessionListener: contextInitialized()
21-Aug-2022 20:50:18.638 信息 [main] org.apache.catalina.core.ApplicationContext.log ContextListener: attributeAdded('StockTicker', 'async.Stockticker@576e46af')
21-Aug-2022 20:50:21.765 信息 [main] org.apache.catalina.core.ApplicationContext.log No Spring WebApplicationInitializer types detected on classpath
21-Aug-2022 20:50:21.781 信息 [main] org.apache.catalina.core.ApplicationContext.log Initializing Spring root WebApplicationContext
21-Aug-2022 20:50:26.211 信息 [main] org.apache.catalina.core.ApplicationContext.log No Spring WebApplicationInitializer types detected on classpath
